---------------------------------------------------------------
[ 2017-06-16T10:29:03+08:00 ] 127.0.0.9 127.0.0.1 POST /index/index/login?mobilephone=18316021482&password=154654651
[ info ] 127.0.0.9/index/index/login?mobilephone=18316021482&password=154654651 [运行时间：0.063964s][吞吐率：15.63req/s] [内存消耗：2,570.09kb] [文件加载：55]
[ info ] [ LANG ] E:\wtiao\thinkphp\lang\zh-cn.php
[ info ] [ ROUTE ] array (
  'type' => 'module',
  'module' => 
  array (
    0 => 'index',
    1 => 'index',
    2 => 'login',
  ),
)
[ info ] [ HEADER ] array (
  'host' => '127.0.0.9',
  'connection' => 'keep-alive',
  'content-length' => '0',
  'cache-control' => 'no-cache',
  'origin' => 'chrome-extension://fhbjgbiflinjbdggehcddcbncdddomop',
  'user-agent' => 'Mozilla/5.0 (Windows NT 10.0; Win64; x64) AppleWebKit/537.36 (KHTML, like Gecko) Chrome/58.0.3029.110 Safari/537.36',
  'postman-token' => '52fea781-2c32-a606-3e8f-1a8e0365c96f',
  'accept' => '*/*',
  'accept-encoding' => 'gzip, deflate, br',
  'accept-language' => 'zh-CN,zh;q=0.8',
)
[ info ] [ PARAM ] array (
  'mobilephone' => '18316021482',
  'password' => '154654651',
)
[ info ] [ BEHAVIOR ] Run app\index\behavior\CrossDomain @module_init [ RunTime:0.000646s ]
[ info ] [ RUN ] app\index\controller\Index->login[ E:\wtiao\application\index\controller\Index.php ]
[ info ] [ SESSION ] INIT array (
  'id' => '',
  'var_session_id' => '',
  'prefix' => 'wt',
  'expire' => 7200,
  'type' => '',
  'auto_start' => true,
  'use_cookies' => 0,
  'validorigin' => 'validorigin',
)
[ info ] [ LOG ] INIT File
[ error ] [0]类不存在:app\common\model\Login[E:\wtiao\thinkphp\library\think\Loader.php:390]
---------------------------------------------------------------
[ 2017-06-16T10:30:04+08:00 ] 127.0.0.9 127.0.0.1 POST /index/index/login?mobilephone=18316021482&password=154654651
[ info ] 127.0.0.9/index/index/login?mobilephone=18316021482&password=154654651 [运行时间：0.063232s][吞吐率：15.81req/s] [内存消耗：3,361.43kb] [文件加载：61]
[ info ] [ LANG ] E:\wtiao\thinkphp\lang\zh-cn.php
[ info ] [ ROUTE ] array (
  'type' => 'module',
  'module' => 
  array (
    0 => 'index',
    1 => 'index',
    2 => 'login',
  ),
)
[ info ] [ HEADER ] array (
  'host' => '127.0.0.9',
  'connection' => 'keep-alive',
  'content-length' => '0',
  'cache-control' => 'no-cache',
  'origin' => 'chrome-extension://fhbjgbiflinjbdggehcddcbncdddomop',
  'user-agent' => 'Mozilla/5.0 (Windows NT 10.0; Win64; x64) AppleWebKit/537.36 (KHTML, like Gecko) Chrome/58.0.3029.110 Safari/537.36',
  'postman-token' => '21a901ec-5bd2-b992-ab48-227ab5b212f7',
  'accept' => '*/*',
  'accept-encoding' => 'gzip, deflate, br',
  'accept-language' => 'zh-CN,zh;q=0.8',
)
[ info ] [ PARAM ] array (
  'mobilephone' => '18316021482',
  'password' => '154654651',
)
[ info ] [ BEHAVIOR ] Run app\index\behavior\CrossDomain @module_init [ RunTime:0.000447s ]
[ info ] [ RUN ] app\index\controller\Index->login[ E:\wtiao\application\index\controller\Index.php ]
[ info ] [ SESSION ] INIT array (
  'id' => '',
  'var_session_id' => '',
  'prefix' => 'wt',
  'expire' => 7200,
  'type' => '',
  'auto_start' => true,
  'use_cookies' => 0,
  'validorigin' => 'validorigin',
)
[ info ] [ DB ] INIT mysql
[ info ] [ LOG ] INIT File
[ error ] [0]类不存在:app\common\model\BeautyShop[E:\wtiao\thinkphp\library\think\Loader.php:390]
---------------------------------------------------------------
[ 2017-06-16T10:43:32+08:00 ] 127.0.0.9 127.0.0.1 GET /weibao/index/getShopData?url=https://shop114337110.m.taobao.com&XDEBUG_SESSION_START=18775
[ info ] 127.0.0.9/weibao/index/getShopData?url=https://shop114337110.m.taobao.com&XDEBUG_SESSION_START=18775 [运行时间：7.234367s][吞吐率：0.14req/s] [内存消耗：7,384.47kb] [文件加载：201]
[ info ] [ LANG ] E:\wtiao\thinkphp\lang\zh-cn.php
[ info ] [ ROUTE ] array (
  'type' => 'module',
  'module' => 
  array (
    0 => 'weibao',
    1 => 'index',
    2 => 'getShopData',
  ),
)
[ info ] [ HEADER ] array (
  'host' => '127.0.0.9',
  'connection' => 'keep-alive',
  'cache-control' => 'max-age=0',
  'upgrade-insecure-requests' => '1',
  'user-agent' => 'Mozilla/5.0 (Windows NT 10.0; Win64; x64) AppleWebKit/537.36 (KHTML, like Gecko) Chrome/58.0.3029.110 Safari/537.36',
  'accept' => 'text/html,application/xhtml+xml,application/xml;q=0.9,image/webp,*/*;q=0.8',
  'accept-encoding' => 'gzip, deflate, sdch, br',
  'accept-language' => 'zh-CN,zh;q=0.8',
  'cookie' => 'isg=AklJpKNQdLj54wizlj8j3UZKWHVjPj2mauD72eu-xTBvMmlEM-ZNmDdiBqx7; XDEBUG_SESSION=18775',
)
[ info ] [ PARAM ] array (
  'url' => 'https://shop114337110.m.taobao.com',
  'XDEBUG_SESSION_START' => '18775',
)
[ info ] [ RUN ] app\weibao\controller\Index->getShopData[ E:\wtiao\application\weibao\controller\Index.php ]
[ info ] [ SESSION ] INIT array (
  'id' => '',
  'var_session_id' => '',
  'prefix' => 'wt',
  'expire' => 7200,
  'type' => '',
  'auto_start' => true,
  'use_cookies' => 0,
  'validorigin' => 'validorigin',
)
[ info ] [ DB ] INIT mysql
[ info ] [ CACHE ] INIT File
[ info ] [ VIEW ] E:\wtiao\public/../application/weibao\view\index\tm_shop.html [ array (
  0 => 'data',
) ]
[ info ] [ LOG ] INIT File
[ sql ] [ DB ] CONNECT:[ UseTime:0.021637s ] mysql:dbname=weitiao;host=120.77.249.31;charset=utf8
[ sql ] [ SQL ] SHOW COLUMNS FROM `wj_services` [ RunTime:0.012016s ]
[ sql ] [ SQL ] SELECT * FROM `wj_services` WHERE  `shop_url` = 'https://shop114337110.m.taobao.com'  AND `manager_id` = 1  AND `is_deleted` = 0 LIMIT 1 [ RunTime:0.015838s ]
[ sql ] [ SQL ] INSERT INTO `wj_services` (`manager_id` , `shop_url` , `transformed_url` , `service_start_time` , `service_end_time` , `is_deleted` , `create_time` , `update_time`) VALUES (1 , 'https://shop114337110.m.taobao.com' , '1P9bA3' , 1497581005 , 1497840205 , 0 , 1497581005 , 1497581005) [ RunTime:0.024636s ]
[ sql ] [ SQL ] SELECT * FROM `wj_services` WHERE  `shop_url` = 'https://shop114337110.m.taobao.com'  AND `manager_id` = 1  AND `is_deleted` = 0 LIMIT 1 [ RunTime:0.012093s ]
[ sql ] [ SQL ] SHOW COLUMNS FROM `wj_expense_records` [ RunTime:0.012186s ]
[ sql ] [ SQL ] INSERT INTO `wj_expense_records` (`expense_num` , `payment_method` , `trade_num` , `service_id` , `manager_id` , `payment_amount` , `service_start_time` , `service_end_time` , `trade_status` , `create_time` , `update_time`) VALUES ('72170616104325329589' , 0 , '' , 12 , 1 , 0 , 1497581005 , 1497840205 , 1 , 1497581005 , 1497581005) [ RunTime:0.034485s ]
[ sql ] [ SQL ] SHOW COLUMNS FROM `wj_shop_api` [ RunTime:0.011985s ]
[ sql ] [ SQL ] SELECT * FROM `wj_shop_api` WHERE  `shop_url` = 'https://shop114337110.m.taobao.com'  AND `is_deleted` = 0 [ RunTime:0.011881s ]
[ sql ] [ SQL ] UPDATE `wj_shop_api`  SET `is_deleted`=1,`delete_time`=1497581012  WHERE  `shop_url` = 'https://shop114337110.m.taobao.com' [ RunTime:0.011572s ]
[ sql ] [ SQL ] INSERT INTO `wj_shop_api` (`shop_url` , `api_url` , `api_data` , `api_view` , `is_deleted` , `create_time` , `update_time`) SELECT 'https://shop114337110.m.taobao.com','mtop.geb.view.getPageView','{\"shopnav_bg_color\":\"#FFFFFF\",\"uuidRqt\":\"b7441552-66bd-4758-ae45-d10b7ae12b26\",\"undefined\":\"\",\"filterPrice\":{\"startPrice\":\"\",\"endPrice\":\"\"},\"isGoldenSeller\":true,\"is_smart_version\":true,\"shopId\":114337110,\"_we_request\":{\"shop_id\":\"114337110\",\"page\":\"shop\\/index\",\"userId\":\"2179831579\"},\"tmall_tj_jiedufuwu\":false,\"wp_pk\":\"shop\\/index_2179831579_17305368\",\"openBanner\":\"false\",\"is_video_available\":false,\"spm_cnt\":\"a2141.7631565\",\"new_shopsign\":\"true\",\"_we_session\":[],\"extParam\":\"{}\",\"shopAplusValue\":\"5v114337110\",\"shopsign_image_url\":\"http:\\/\\/img.alicdn.com\\/tps\\/i3\\/TB1K2gEHXXXXXaeXVXXrVZt0FXX-640-200.jpg\",\"shop_activity_v2_-7\":[],\"pageId\":17305368,\"shopsign_logo_url\":\"\\/\\/img.alicdn.com\\/tps\\/TB1r6ZqPXXXXXXhapXXXXXXXXXX-750-254.png\",\"ServerTime\":\"1497580999296\",\"userId\":2179831579,\"shopsign_action_url\":\"\\/\\/h5.m.taobao.com\\/awp\\/core\\/detail.htm?id=536879247733\",\"wp_tpl\":20,\"shop_id\":\"114337110\",\"_we_system\":{\"wp_pk\":\"shop\\/index_2179831579_17305368\",\"renderVersion\":10000,\"appName\":\"h5\",\"wp_tplv\":10,\"pageVerify\":1493257275000,\"wp_tp_v\":1488375692000,\"pageId\":17305368,\"wp_tpl\":20,\"userId\":2179831579,\"platform\":\"h5\"},\"curPage\":\"\\/\\/shop114337110.m.taobao.com\",\"shopTitle\":\"\\u6dd8\\u5b9d\\u5e97\\u94fa\",\"wp_tplv\":10,\"loginUserId\":0,\"isAndroidNative\":\"true\"}','{\"subViews\":[{\"subViews\":[{\"subViews\":[{\"subViews\":[{\"type\":\"view\"},{\"type\":\"image\",\"styleBinding\":{\"height\":0},\"dataBinding\":{\"isSharpening\":\"true\",\"imageQuality\":3,\"url\":\"$shopsign_image_url\"},\"events\":[{\"type\":\"click\",\"actions\":[{\"type\":\"userTrack\",\"param\":{\"utName\":\"shopSignClick\",\"utType\":\"Button\",\"utParams\":{\"wp_pk\":\"$wp_pk\",\"wp_m\":\"shop_head_-3\",\"wp_app\":\"weapp\",\"wp_p\":\"1\"}}},{\"type\":\"openURL\",\"param\":{\"url\":\"$shopsign_action_url\"}}]}],\"conditions\":[{\"left\":\"$shopsign_image_url\",\"right\":\"null\",\"type\":\"!=\",\"styleBinding\":{\"height\":200}}]},{\"type\":\"image\",\"styleBinding\":{\"height\":0},\"dataBinding\":{\"isSharpening\":\"true\",\"url\":\"\\/\\/gtms01.alicdn.com\\/tps\\/i1\\/TB13jvrFXXXXXa4cVXX8Wot0FXX-640-200.png\"},\"conditions\":[{\"left\":\"$shopsign_image_url\",\"right\":\"null\",\"type\":\"!=\",\"styleBinding\":{\"height\":200}}]},{\"type\":\"label\",\"styleBinding\":{\"height\":25},\"dataBinding\":{\"value\":\"\"},\"conditions\":[{\"left\":\"$shopsign_image_url\",\"right\":\"null\",\"type\":\"!=\",\"styleBinding\":{\"marginTop\":112}},{\"left\":\"$shopsign_image_url\",\"right\":\"null\",\"type\":\"==\",\"styleBinding\":{\"backgroundColor\":\"#FFFFFF\"}}]},{\"subViews\":[{\"type\":\"label\",\"styleBinding\":{\"width\":352,\"fontSize\":32,\"lines\":1,\"textColor\":\"#3d4245\",\"marginTop\":12,\"fontWeight\":300,\"height\":35,\"marginLeft\":120},\"dataBinding\":{\"value\":\"${shopInfoApi}.shopName\"},\"conditions\":[{\"left\":\"$shopsign_image_url\",\"right\":\"null\",\"type\":\"!=\",\"styleBinding\":{\"lineShadowOffsetX\":0,\"lineShadowOffsetY\":2,\"lineShadowColor\":\"#28000000\",\"textColor\":\"#FFFFFF\"}}]},{\"subViews\":[{\"subViews\":[{\"type\":\"image\",\"styleBinding\":{\"gravity\":5,\"width\":48,\"marginBottom\":8,\"height\":48},\"dataBinding\":{\"isSharpening\":\"true\",\"url\":\"\\/\\/gw.alicdn.com\\/tps\\/TB1FeRvLXXXXXc8XVXXXXXXXXXX-48-48.png\"}},{\"type\":\"label\",\"styleBinding\":{\"gravity\":5,\"fontSize\":20,\"textColor\":\"#ff5000\",\"height\":32},\"dataBinding\":{\"value\":\"\\u5e97\\u94fa\\u9996\\u9875\"}}],\"type\":\"container\",\"styleBinding\":{\"layout\":\"linearLayout\",\"orientation\":\"vertical\",\"width\":0,\"weight\":1,\"height\":84}},{\"subViews\":[{\"type\":\"image\",\"styleBinding\":{\"gravity\":5,\"width\":48,\"marginBottom\":8,\"height\":48},\"dataBinding\":{\"isSharpening\":\"true\",\"url\":\"\\/\\/gw.alicdn.com\\/tps\\/TB1YR3.KVXXXXc8XXXXXXXXXXXX-48-48.png\"}},{\"type\":\"label\",\"styleBinding\":{\"gravity\":5,\"fontSize\":20,\"textColor\":\"#3d4245\",\"height\":32},\"dataBinding\":{\"value\":\"\\u5168\\u90e8\\u5b9d\\u8d1d\"}}],\"type\":\"container\",\"styleBinding\":{\"layout\":\"linearLayout\",\"orientation\":\"vertical\",\"width\":0,\"weight\":1,\"height\":84},\"events\":[{\"type\":\"click\",\"actions\":[{\"type\":\"userTrack\",\"param\":{\"utName\":\"ViewAllItemsTop\",\"utType\":\"Button\",\"utParams\":{\"wp_pk\":\"$wp_pk\",\"wp_m\":\"shop_head_-3\",\"wp_app\":\"weapp\",\"wp_p\":\"3\",\"seller_id\":\"$userId\"}}},{\"type\":\"openURL\",\"param\":{\"url\":\"${shopInfoApi}.allProductURL\"}}]}]},{\"subViews\":[{\"type\":\"image\",\"styleBinding\":{\"gravity\":5,\"width\":48,\"marginBottom\":8,\"height\":48},\"dataBinding\":{\"isSharpening\":\"true\",\"url\":\"\\/\\/gw.alicdn.com\\/tps\\/TB1vLsTKVXXXXaaXVXXXXXXXXXX-48-48.png\"}},{\"type\":\"label\",\"styleBinding\":{\"gravity\":5,\"fontSize\":20,\"textColor\":\"#3d4245\",\"height\":32},\"dataBinding\":{\"value\":\"\\u65b0\\u54c1\\u4e0a\\u67b6\"}}],\"type\":\"container\",\"styleBinding\":{\"layout\":\"linearLayout\",\"orientation\":\"vertical\",\"width\":0,\"weight\":1,\"height\":84},\"events\":[{\"type\":\"click\",\"actions\":[{\"type\":\"userTrack\",\"param\":{\"utName\":\"ViewNewItems\",\"utType\":\"Button\",\"utParams\":{\"wp_pk\":\"$wp_pk\",\"wp_m\":\"shop_head_-3\",\"wp_app\":\"weapp\",\"wp_p\":\"4\",\"seller_id\":\"$userId\"}}},{\"type\":\"openURL\",\"param\":{\"url\":\"${shopInfoApi}.newProductURL\"}}]}]},{\"subViews\":[{\"type\":\"image\",\"styleBinding\":{\"gravity\":5,\"width\":48,\"marginBottom\":8,\"height\":48},\"dataBinding\":{\"isSharpening\":\"true\",\"url\":\"\\/\\/gw.alicdn.com\\/tps\\/TB1PEATKVXXXXcxXFXXXXXXXXXX-48-48.png\"}},{\"type\":\"label\",\"styleBinding\":{\"gravity\":5,\"fontSize\":20,\"textColor\":\"#3d4245\",\"height\":32},\"dataBinding\":{\"value\":\"\\u5fae\\u6dd8\\u52a8\\u6001\"}}],\"type\":\"container\",\"styleBinding\":{\"layout\":\"linearLayout\",\"orientation\":\"vertical\",\"width\":0,\"weight\":1,\"height\":84},\"events\":[{\"type\":\"click\",\"actions\":[{\"type\":\"userTrack\",\"param\":{\"utName\":\"Dynamics\",\"utType\":\"Button\",\"utParams\":{\"wp_pk\":\"$wp_pk\",\"wp_m\":\"shop_head_-3\",\"wp_app\":\"weapp\",\"wp_p\":\"6\",\"seller_id\":\"$userId\"}}},{\"type\":\"openURL\",\"param\":{\"url\":\"${shopInfoApi}.feedURL\"}}]}]}],\"type\":\"container\",\"styleBinding\":{\"layout\":\"linearLayout\",\"orientation\":\"horizontal\",\"paddingTop\":52,\"marginTop\":64,\"height\":160}},{\"subViews\":[{\"type\":\"image\",\"styleBinding\":{\"width\":88,\"align\":5,\"height\":88},\"dataBinding\":{\"url\":\"${shopInfoApi}.shopLogo\"}}],\"type\":\"container\",\"styleBinding\":{\"layout\":\"absoluteLayout\",\"backgroundColor\":\"#FFFFFF\",\"borderColor\":\"#30000000\",\"borderWidth\":1,\"width\":96,\"align\":1,\"height\":96}},{\"subViews\":[{\"type\":\"label\",\"styleBinding\":{\"gravity\":6,\"lineShadowOffsetX\":0,\"fontSize\":24,\"lineShadowOffsetY\":2,\"lines\":1,\"lineShadowColor\":\"#28000000\",\"textColor\":\"#FFFFFF\"},\"dataBinding\":{\"formatType\":\"abbr\",\"value\":\"${shopInfoApi}.fansNum\"}},{\"type\":\"label\",\"styleBinding\":{\"gravity\":6,\"fontSize\":24,\"textColor\":\"#FFFFFF\"},\"dataBinding\":{\"value\":\"\\u7c89\\u4e1d\\u6570\"}}],\"type\":\"container\",\"styleBinding\":{\"layout\":\"linearLayout\",\"marginRight\":20,\"orientation\":\"vertical\",\"width\":-1,\"align\":1,\"textColor\":\"#9a9a9a\",\"marginTop\":12,\"height\":80}},{\"subViews\":[{\"type\":\"image\",\"styleBinding\":{\"width\":176,\"height\":24},\"dataBinding\":{\"webp\":false,\"url\":\"${shopInfoApi}.rankLevelPic\"},\"conditions\":[{\"left\":\"${shopInfoApi}.rankNum\",\"right\":\"null\",\"type\":\"==\",\"styleBinding\":{\"width\":176}},{\"left\":\"${shopInfoApi}.rankNum\",\"right\":\"999\",\"type\":\"==\",\"styleBinding\":{\"width\":176}},{\"left\":\"${shopInfoApi}.rankNum\",\"right\":\"666\",\"type\":\"==\",\"styleBinding\":{\"width\":88}},{\"left\":\"${shopInfoApi}.rankNum\",\"right\":\"1\",\"type\":\"==\",\"styleBinding\":{\"width\":24}},{\"left\":\"${shopInfoApi}.rankNum\",\"right\":\"2\",\"type\":\"==\",\"styleBinding\":{\"width\":53}},{\"left\":\"${shopInfoApi}.rankNum\",\"right\":\"3\",\"type\":\"==\",\"styleBinding\":{\"width\":79}},{\"left\":\"${shopInfoApi}.rankNum\",\"right\":\"4\",\"type\":\"==\",\"styleBinding\":{\"width\":107}},{\"left\":\"${shopInfoApi}.rankNum\",\"right\":\"5\",\"type\":\"==\",\"styleBinding\":{\"width\":132}}]},{\"type\":\"image\",\"styleBinding\":{\"width\":0,\"invisible\":\"true\",\"height\":0},\"dataBinding\":{\"webp\":false,\"url\":\"\\/\\/gtms04.alicdn.com\\/tps\\/i4\\/TB1Ei4IFVXXXXb0XFXXCBGNFFXX-24-24.png\"},\"conditions\":[{\"left\":\"$isGoldenSeller\",\"right\":\"true\",\"type\":\"==\",\"styleBinding\":{\"width\":24,\"invisible\":\"false\",\"height\":24,\"marginLeft\":16}}]}],\"type\":\"container\",\"styleBinding\":{\"layout\":\"linearLayout\",\"orientation\":\"horizontal\",\"align\":1,\"marginTop\":60,\"marginLeft\":120,\"height\":24}}],\"type\":\"container\",\"styleBinding\":{\"layout\":\"absoluteLayout\",\"height\":200},\"conditions\":[{\"left\":\"$shopsign_image_url\",\"right\":\"null\",\"type\":\"!=\",\"styleBinding\":{\"marginTop\":104}},{\"left\":\"$shopsign_image_url\",\"right\":\"null\",\"type\":\"==\",\"styleBinding\":{\"backgroundColor\":\"#FFFFFF\",\"marginTop\":24}}]}],\"type\":\"container\",\"styleBinding\":{\"layout\":\"absoluteLayout\",\"backgroundColor\":\"#ffffff\",\"height\":300},\"conditions\":[{\"left\":\"$shopsign_logo_url\",\"right\":\"null\",\"type\":\"!=\",\"styleBinding\":{\"relayoutPage\":true,\"height\":0}}]},{\"subViews\":[{\"type\":\"image\",\"dataBinding\":{\"isSharpening\":\"true\",\"imageQuality\":3,\"url\":\"$shopsign_logo_url\"},\"conditions\":[{\"left\":\"$shopsign_logo_url\",\"right\":\"null\",\"type\":\"!=\",\"styleBinding\":{\"height\":244}}]},{\"type\":\"image\",\"styleBinding\":{\"height\":0},\"dataBinding\":{\"isSharpening\":\"true\",\"url\":\"\\/\\/gtms01.alicdn.com\\/tps\\/i1\\/TB13jvrFXXXXXa4cVXX8Wot0FXX-640-200.png\"},\"conditions\":[{\"left\":\"$shopsign_image_url\",\"right\":\"null\",\"type\":\"!=\",\"styleBinding\":{\"height\":244}}]},{\"type\":\"label\",\"styleBinding\":{\"height\":25},\"dataBinding\":{\"value\":\"\"},\"conditions\":[{\"left\":\"$shopsign_logo_url\",\"right\":\"null\",\"type\":\"!=\",\"styleBinding\":{\"marginTop\":112}},{\"left\":\"$shopsign_logo_url\",\"right\":\"null\",\"type\":\"==\",\"styleBinding\":{\"backgroundColor\":\"#FFFFFF\"}}]},{\"subViews\":[{\"type\":\"label\",\"styleBinding\":{\"width\":352,\"fontSize\":32,\"lines\":1,\"textColor\":\"#3d4245\",\"marginTop\":6,\"fontWeight\":300,\"height\":35,\"marginLeft\":120},\"dataBinding\":{\"value\":\"${shopInfoApi}.shopName\"},\"conditions\":[{\"left\":\"$shopsign_logo_url\",\"right\":\"null\",\"type\":\"!=\",\"styleBinding\":{\"lineShadowOffsetX\":0,\"lineShadowOffsetY\":2,\"lineShadowColor\":\"#28000000\",\"textColor\":\"#FFFFFF\"}}]},{\"subViews\":[{\"subViews\":[{\"type\":\"label\",\"styleBinding\":{\"gravity\":5,\"fontSize\":32,\"textColor\":\"${shopInfoApi}.selectedTitleColor\",\"height\":32},\"dataBinding\":{\"value\":\"\\u5e97\\u94fa\\u9996\\u9875\"}}],\"type\":\"container\",\"styleBinding\":{\"layout\":\"linearLayout\",\"orientation\":\"vertical\",\"width\":0,\"weight\":1,\"height\":44}},{\"subViews\":[{\"type\":\"label\",\"styleBinding\":{\"gravity\":5,\"fontSize\":32,\"textColor\":\"${shopInfoApi}.titleColor\",\"height\":32},\"dataBinding\":{\"value\":\"\\u5168\\u90e8\\u5b9d\\u8d1d\"}}],\"type\":\"container\",\"styleBinding\":{\"layout\":\"linearLayout\",\"orientation\":\"vertical\",\"width\":0,\"weight\":1,\"height\":44},\"events\":[{\"type\":\"click\",\"actions\":[{\"type\":\"userTrack\",\"param\":{\"utName\":\"ViewAllItemsTop\",\"utType\":\"Button\",\"utParams\":{\"wp_pk\":\"$wp_pk\",\"wp_m\":\"shop_head_-3\",\"wp_app\":\"weapp\",\"wp_p\":\"3\",\"seller_id\":\"$userId\"}}},{\"type\":\"openURL\",\"param\":{\"url\":\"${shopInfoApi}.allProductURL\"}}]}]},{\"subViews\":[{\"type\":\"label\",\"styleBinding\":{\"gravity\":5,\"fontSize\":32,\"textColor\":\"${shopInfoApi}.titleColor\",\"height\":32},\"dataBinding\":{\"value\":\"\\u65b0\\u54c1\\u4e0a\\u67b6\"}}],\"type\":\"container\",\"styleBinding\":{\"layout\":\"linearLayout\",\"orientation\":\"vertical\",\"width\":0,\"weight\":1,\"height\":44},\"events\":[{\"type\":\"click\",\"actions\":[{\"type\":\"userTrack\",\"param\":{\"utName\":\"ViewNewItems\",\"utType\":\"Button\",\"utParams\":{\"wp_pk\":\"$wp_pk\",\"wp_m\":\"shop_head_-3\",\"wp_app\":\"weapp\",\"wp_p\":\"4\",\"seller_id\":\"$userId\"}}},{\"type\":\"openURL\",\"param\":{\"url\":\"${shopInfoApi}.newProductURL\"}}]}]},{\"subViews\":[{\"type\":\"label\",\"styleBinding\":{\"gravity\":5,\"fontSize\":32,\"textColor\":\"${shopInfoApi}.titleColor\",\"height\":32},\"dataBinding\":{\"value\":\"\\u5fae\\u6dd8\\u52a8\\u6001\"}}],\"type\":\"container\",\"styleBinding\":{\"layout\":\"linearLayout\",\"orientation\":\"vertical\",\"width\":0,\"weight\":1,\"height\":44},\"events\":[{\"type\":\"click\",\"actions\":[{\"type\":\"userTrack\",\"param\":{\"utName\":\"Dynamics\",\"utType\":\"Button\",\"utParams\":{\"wp_pk\":\"$wp_pk\",\"wp_m\":\"shop_head_-3\",\"wp_app\":\"weapp\",\"wp_p\":\"6\",\"seller_id\":\"$userId\"}}},{\"type\":\"openURL\",\"param\":{\"url\":\"${shopInfoApi}.feedURL\"}}]}]}],\"type\":\"container\",\"styleBinding\":{\"layout\":\"linearLayout\",\"orientation\":\"horizontal\",\"backgroundColor\":\"${shopInfoApi}.bgColor\",\"paddingTop\":28,\"marginTop\":93,\"height\":89}},{\"subViews\":[{\"type\":\"image\",\"styleBinding\":{\"width\":80,\"align\":5,\"height\":80},\"dataBinding\":{\"url\":\"${shopInfoApi}.shopLogo\"}}],\"type\":\"container\",\"styleBinding\":{\"layout\":\"absoluteLayout\",\"backgroundColor\":\"#FFFFFF\",\"borderColor\":\"#30000000\",\"borderWidth\":1,\"width\":80,\"align\":1,\"marginTop\":-12,\"height\":80,\"marginLeft\":12}},{\"subViews\":[{\"type\":\"label\",\"styleBinding\":{\"gravity\":6,\"lineShadowOffsetX\":0,\"fontSize\":24,\"lineShadowOffsetY\":2,\"lines\":1,\"lineShadowColor\":\"#28000000\",\"textColor\":\"#FFFFFF\"},\"dataBinding\":{\"formatType\":\"abbr\",\"value\":\"${shopInfoApi}.fansNum\"}},{\"type\":\"label\",\"styleBinding\":{\"gravity\":6,\"fontSize\":24,\"textColor\":\"#FFFFFF\"},\"dataBinding\":{\"value\":\"\\u7c89\\u4e1d\\u6570\"}}],\"type\":\"container\",\"styleBinding\":{\"layout\":\"linearLayout\",\"marginRight\":20,\"orientation\":\"vertical\",\"width\":-1,\"align\":1,\"textColor\":\"#9a9a9a\",\"marginTop\":8,\"height\":80}},{\"subViews\":[{\"type\":\"image\",\"styleBinding\":{\"width\":176,\"height\":24},\"dataBinding\":{\"webp\":false,\"url\":\"${shopInfoApi}.rankLevelPic\"},\"conditions\":[{\"left\":\"${shopInfoApi}.rankNum\",\"right\":\"null\",\"type\":\"==\",\"styleBinding\":{\"width\":176}},{\"left\":\"${shopInfoApi}.rankNum\",\"right\":\"999\",\"type\":\"==\",\"styleBinding\":{\"width\":176}},{\"left\":\"${shopInfoApi}.rankNum\",\"right\":\"666\",\"type\":\"==\",\"styleBinding\":{\"width\":88}},{\"left\":\"${shopInfoApi}.rankNum\",\"right\":\"1\",\"type\":\"==\",\"styleBinding\":{\"width\":24}},{\"left\":\"${shopInfoApi}.rankNum\",\"right\":\"2\",\"type\":\"==\",\"styleBinding\":{\"width\":53}},{\"left\":\"${shopInfoApi}.rankNum\",\"right\":\"3\",\"type\":\"==\",\"styleBinding\":{\"width\":79}},{\"left\":\"${shopInfoApi}.rankNum\",\"right\":\"4\",\"type\":\"==\",\"styleBinding\":{\"width\":107}},{\"left\":\"${shopInfoApi}.rankNum\",\"right\":\"5\",\"type\":\"==\",\"styleBinding\":{\"width\":132}}]},{\"type\":\"image\",\"styleBinding\":{\"width\":0,\"invisible\":\"true\",\"height\":0},\"dataBinding\":{\"webp\":false,\"url\":\"\\/\\/gtms04.alicdn.com\\/tps\\/i4\\/TB1Ei4IFVXXXXb0XFXXCBGNFFXX-24-24.png\"},\"conditions\":[{\"left\":\"$isGoldenSeller\",\"right\":\"true\",\"type\":\"==\",\"styleBinding\":{\"width\":24,\"invisible\":\"false\",\"height\":24,\"marginLeft\":16}}]}],\"type\":\"container\",\"styleBinding\":{\"layout\":\"linearLayout\",\"orientation\":\"horizontal\",\"align\":1,\"marginTop\":46,\"marginLeft\":120,\"height\":24}}],\"type\":\"container\",\"styleBinding\":{\"layout\":\"absoluteLayout\",\"height\":192},\"conditions\":[{\"left\":\"$shopsign_logo_url\",\"right\":\"null\",\"type\":\"!=\",\"styleBinding\":{\"marginTop\":152}},{\"left\":\"$shopsign_logo_url\",\"right\":\"null\",\"type\":\"==\",\"styleBinding\":{\"backgroundColor\":\"#FFFFFF\",\"marginTop\":24}}]}],\"type\":\"container\",\"styleBinding\":{\"layout\":\"absoluteLayout\",\"backgroundColor\":\"#ffffff\",\"height\":336},\"conditions\":[{\"left\":\"$shopsign_logo_url\",\"right\":\"null\",\"type\":\"==\",\"styleBinding\":{\"relayoutPage\":true,\"height\":0}}]}],\"viewId\":\"0.1.1\",\"type\":\"container\",\"styleBinding\":{\"layout\":\"linearLayout\",\"backgroundColor\":\"#ffffff\",\"paddingBottom\":1,\"marginBottom\":0,\"paddingTop\":1,\"height\":336},\"dataBinding\":{\"apiName\":\"mtop.taobao.geb.shopinfo.queryshopinfo\",\"apiVersion\":\"2.0\",\"param\":{\"sellerId\":\"$userId\"},\"needLogin\":false,\"apiAlias\":\"shopInfoApi\",\"showErrorView\":true,\"onSuccess\":[{\"condition\":{\"left\":\"$e\",\"right\":\"null\",\"type\":\"!=\"},\"param\":{\"referer\":\"$referer\",\"unid\":\"$unid\",\"e\":\"$e\",\"cna\":\"$cna\",\"isMall\":\"${shopInfoApi}.isTmall\",\"shopId\":\"${shopInfoApi}.shopId\",\"type\":\"$type\",\"userId\":\"$userId\"},\"type\":\"p4p\"},{\"param\":{\"sellerId\":\"$userId\"},\"type\":\"eggs\"}]}},{\"type\":\"image\",\"styleBinding\":{\"marginRight\":16,\"borderColor\":\"#dddddd\",\"borderWidth\":1,\"invisible\":\"true\",\"marginLeft\":16,\"height\":0},\"dataBinding\":{\"isSharpening\":\"true\",\"url\":\"$imgURL\"},\"events\":[{\"type\":\"click\",\"actions\":[{\"type\":\"openURL\",\"param\":{\"url\":\"$openURL\"}},{\"type\":\"userTrack\",\"param\":{\"utName\":\"KdsTuiGuang\",\"utType\":\"Button\",\"utParams\":{\"seller_id\":\"$userId\"}}}]}],\"conditions\":[{\"left\":\"$openBanner\",\"right\":\"true\",\"type\":\"==\",\"styleBinding\":{\"invisible\":\"false\",\"marginBottom\":24,\"relayoutPage\":\"true\",\"height\":200}}]},{\"subViews\":[{\"subViews\":[{\"type\":\"image\",\"styleBinding\":{\"width\":640,\"height\":68},\"dataBinding\":{\"imageQuality\":\"-1\",\"url\":\"${coupon1111}.couponBackImg\"}},{\"type\":\"image\",\"styleBinding\":{\"width\":120,\"marginTop\":20,\"height\":28,\"marginLeft\":10},\"dataBinding\":{\"imageQuality\":\"-1\",\"url\":\"${coupon1111}.couponIcon\"}},{\"type\":\"label\",\"styleBinding\":{\"gravity\":4,\"width\":420,\"fontSize\":24,\"lines\":1,\"textColor\":\"#D70000\",\"marginTop\":19,\"height\":-2,\"marginLeft\":140},\"dataBinding\":{\"value\":\"${coupon1111}.couponMessage\"}},{\"type\":\"label\",\"styleBinding\":{\"gravity\":4,\"width\":130,\"fontSize\":24,\"lines\":1,\"textColor\":\"#D70000\",\"marginTop\":19,\"height\":-2,\"marginLeft\":540},\"dataBinding\":{\"value\":\"\\u53bb\\u62a2\\u5238>\"}}],\"type\":\"container\",\"styleBinding\":{\"layout\":\"absoluteLayout\",\"width\":640,\"height\":68}}],\"viewId\":\"coupon1111\",\"type\":\"container\",\"styleBinding\":{\"layout\":\"linearLayout\",\"width\":640,\"invisible\":\"true\",\"marginBottom\":24,\"height\":68},\"dataBinding\":{\"apiName\":\"com.taobao.shop.getConpon1111\",\"apiVersion\":\"2.0\",\"param\":{\"sellerId\":\"$userId\",\"source\":\"index\"},\"needLogin\":false,\"apiAlias\":\"coupon1111\",\"showErrorView\":false},\"events\":[{\"type\":\"click\",\"actions\":[{\"type\":\"userTrack\",\"param\":{\"utName\":\"couponInstructionBottom\",\"utType\":\"Button\",\"utParams\":{\"wp_m\":\"shop_coupon_instruction_-8\",\"wp_pk\":\"$wp_pk\",\"wp_app\":\"weapp\",\"wp_p\":\"1\",\"seller_id\":\"$userId\"}}},{\"type\":\"openURL\",\"param\":{\"param\":{\"sort\":\"default\",\"suid\":\"$userId\"},\"title\":\"\",\"url\":\"${coupon1111}.getCouponUrl\"}}]}],\"conditions\":[{\"left\":\"${coupon1111}.haveCoupon\",\"right\":\"true\",\"type\":\"==\",\"styleBinding\":{\"invisible\":\"false\",\"marginBottom\":24,\"height\":-2}}]},{\"subViews\":[{\"subViews\":[{\"type\":\"label\",\"styleBinding\":{\"gravity\":4,\"width\":420,\"fontSize\":36,\"textColor\":\"#3d4245\",\"height\":80},\"dataBinding\":{\"value\":\"\\u6392\\u884c\\u699c\"}},{\"headerView\":{\"type\":\"simpleTabViewHeader\",\"styleBinding\":{\"selectedFontSize\":28,\"selectedTextColor\":\"#ff5000\",\"selectedBackgroundImage\":\"\\/\\/gtms04.alicdn.com\\/tps\\/i4\\/T1meWtFTtbXXXahTYn-196-80.png\",\"backgroundImage\":\"\\/\\/gtms02.alicdn.com\\/tps\\/i2\\/T1LMq7FUNbXXXahTYn-196-80.png\",\"isShowTab\":\"true\",\"fontSize\":28,\"textColor\":\"#666666\",\"tabCellHeight\":80,\"height\":80},\"dataBinding\":{\"array\":[{\"userTrack\":{\"utName\":\"TopMostLoved\",\"utType\":\"Button\",\"utParams\":{\"seller_id\":\"$userId\"}},\"title\":\"\\u94bb\\u77f3\\u4e70\\u5bb6\\u6700\\u7231\"},{\"userTrack\":{\"utName\":\"TopFavorite\",\"utType\":\"Button\",\"utParams\":{\"seller_id\":\"$userId\"}},\"title\":\"\\u6536\\u85cf\\u6392\\u884c\"},{\"userTrack\":{\"utName\":\"TopSale\",\"utType\":\"Button\",\"utParams\":{\"seller_id\":\"$userId\"}},\"title\":\"\\u9500\\u91cf\\u6392\\u884c\"}]}},\"subViews\":[{\"subViews\":[{\"type\":\"label\",\"styleBinding\":{\"fontSize\":1,\"lines\":1,\"height\":-2},\"dataBinding\":{\"value\":\" \"}},{\"subViews\":[{\"type\":\"image\",\"styleBinding\":{\"width\":408,\"height\":384},\"dataBinding\":{\"isSharpening\":\"true\",\"url\":\"${api1}.favoredByDiamonds.[0].imgUrl\"}},{\"type\":\"image\",\"styleBinding\":{\"width\":40,\"marginLeft\":8,\"height\":45},\"dataBinding\":{\"url\":\"\\/\\/gtms02.alicdn.com\\/tps\\/i2\\/TB1PKpSGFXXXXccXFXXqzNyIpXX-70-78.png\"}},{\"subViews\":[{\"type\":\"label\",\"styleBinding\":{\"gravity\":4,\"width\":180,\"fontSize\":24,\"textColor\":\"#ffffff\"},\"dataBinding\":{\"prefix\":\"\\u5df2\\u552e \",\"value\":\"${api1}.favoredByDiamonds.[0].totalSold\"}},{\"type\":\"label\",\"styleBinding\":{\"gravity\":6,\"width\":180,\"fontSize\":24,\"textColor\":\"#ffffff\",\"fontWeight\":500},\"dataBinding\":{\"prefix\":\"\\uffe5\",\"value\":\"${api1}.favoredByDiamonds.[0].price\"}}],\"type\":\"container\",\"styleBinding\":{\"layout\":\"linearLayout\",\"orientation\":\"horizontal\",\"backgroundColor\":\"#66000000\",\"paddingRight\":16,\"paddingLeft\":16,\"marginTop\":336,\"height\":48}}],\"type\":\"container\",\"styleBinding\":{\"layout\":\"absoluteLayout\",\"width\":408,\"height\":384},\"events\":[{\"type\":\"click\",\"actions\":[{\"type\":\"userTrack\",\"param\":{\"utName\":\"Item\",\"utType\":\"Button\",\"utParams\":{\"wp_m\":\"item_rank_list_-2\",\"wp_pk\":\"$wp_pk\",\"itemId\":\"${api1}.favoredByDiamonds.[0].id\",\"wp_app\":\"weapp\",\"wp_p\":\"7\"}}},{\"type\":\"openURL\",\"param\":{\"param\":{\"wp_m\":\"item_rank_list_-2\",\"wp_pk\":\"$wp_pk\",\"from\":\"inshop\",\"id\":\"${api1}.favoredByDiamonds.[0].id\",\"wp_app\":\"weapp\",\"wp_p\":\"7\"},\"url\":\"\\/\\/h5.m.taobao.com\\/awp\\/core\\/detail.htm\"}}]}]},{\"subViews\":[{\"type\":\"image\",\"styleBinding\":{\"width\":184,\"height\":184},\"dataBinding\":{\"isSharpening\":\"true\",\"url\":\"${api1}.favoredByDiamonds.[1].imgUrl\"}},{\"type\":\"image\",\"styleBinding\":{\"width\":40,\"marginLeft\":8,\"height\":45},\"dataBinding\":{\"url\":\"\\/\\/gtms03.alicdn.com\\/tps\\/i3\\/TB1eW0YGFXXXXaoXFXXqzNyIpXX-70-78.png\"}},{\"type\":\"label\",\"styleBinding\":{\"backgroundColor\":\"#66000000\",\"gravity\":4,\"fontSize\":24,\"textColor\":\"#ffffff\",\"paddingLeft\":16,\"marginTop\":136,\"height\":48},\"dataBinding\":{\"prefix\":\" \\u5df2\\u552e \",\"value\":\"${api1}.favoredByDiamonds.[1].totalSold\"}}],\"type\":\"container\",\"styleBinding\":{\"layout\":\"absoluteLayout\",\"width\":184,\"height\":184,\"marginLeft\":424},\"events\":[{\"type\":\"click\",\"actions\":[{\"type\":\"userTrack\",\"param\":{\"utName\":\"Item\",\"utType\":\"Button\",\"utParams\":{\"wp_m\":\"item_rank_list_-2\",\"wp_pk\":\"$wp_pk\",\"itemId\":\"${api1}.favoredByDiamonds.[1].id\",\"wp_app\":\"weapp\",\"wp_p\":\"8\"}}},{\"type\":\"openURL\",\"param\":{\"param\":{\"wp_m\":\"item_rank_list_-2\",\"wp_pk\":\"$wp_pk\",\"from\":\"inshop\",\"id\":\"${api1}.favoredByDiamonds.[1].id\",\"wp_app\":\"weapp\",\"wp_p\":\"8\"},\"url\":\"\\/\\/h5.m.taobao.com\\/awp\\/core\\/detail.htm\"}}]}]},{\"subViews\":[{\"type\":\"image\",\"styleBinding\":{\"width\":184,\"height\":184},\"dataBinding\":{\"isSharpening\":\"true\",\"url\":\"${api1}.favoredByDiamonds.[2].imgUrl\"}},{\"type\":\"image\",\"styleBinding\":{\"width\":40,\"marginLeft\":8,\"height\":45},\"dataBinding\":{\"url\":\"\\/\\/gtms04.alicdn.com\\/tps\\/i4\\/TB1qQGeGFXXXXcPXXXXqzNyIpXX-70-78.png\"}},{\"type\":\"label\",\"styleBinding\":{\"backgroundColor\":\"#66000000\",\"gravity\":4,\"fontSize\":24,\"textColor\":\"#ffffff\",\"paddingLeft\":16,\"marginTop\":136,\"height\":48},\"dataBinding\":{\"prefix\":\" \\u5df2\\u552e \",\"value\":\"${api1}.favoredByDiamonds.[2].totalSold\"}}],\"type\":\"container\",\"styleBinding\":{\"layout\":\"absoluteLayout\",\"width\":184,\"marginTop\":200,\"height\":184,\"marginLeft\":424},\"events\":[{\"type\":\"click\",\"actions\":[{\"type\":\"userTrack\",\"param\":{\"utName\":\"Item\",\"utType\":\"Button\",\"utParams\":{\"wp_m\":\"item_rank_list_-2\",\"wp_pk\":\"$wp_pk\",\"itemId\":\"${api1}.favoredByDiamonds.[2].id\",\"wp_app\":\"weapp\",\"wp_p\":\"9\"}}},{\"type\":\"openURL\",\"param\":{\"param\":{\"wp_m\":\"item_rank_list_-2\",\"wp_pk\":\"$wp_pk\",\"from\":\"inshop\",\"id\":\"${api1}.favoredByDiamonds.[2].id\",\"wp_app\":\"weapp\",\"wp_p\":\"9\"},\"url\":\"\\/\\/h5.m.taobao.com\\/awp\\/core\\/detail.htm\"}}]}]}],\"type\":\"container\",\"styleBinding\":{\"layout\":\"absoluteLayout\",\"width\":608,\"paddingTop\":16,\"height\":400}},{\"subViews\":[{\"subViews\":[{\"type\":\"image\",\"styleBinding\":{\"width\":408,\"height\":384},\"dataBinding\":{\"isSharpening\":\"true\",\"url\":\"${api1}.totalCollect.[0].imgUrl\"}},{\"type\":\"image\",\"styleBinding\":{\"width\":40,\"marginLeft\":8,\"height\":45},\"dataBinding\":{\"url\":\"\\/\\/gtms02.alicdn.com\\/tps\\/i2\\/TB1PKpSGFXXXXccXFXXqzNyIpXX-70-78.png\"}},{\"subViews\":[{\"type\":\"label\",\"styleBinding\":{\"gravity\":4,\"width\":180,\"fontSize\":24,\"textColor\":\"#ffffff\"},\"dataBinding\":{\"prefix\":\"\\u5df2\\u6536\\u85cf \",\"value\":\"${api1}.totalCollect.[0].collectCount\"}},{\"type\":\"label\",\"styleBinding\":{\"gravity\":6,\"width\":180,\"fontSize\":24,\"textColor\":\"#ffffff\",\"fontWeight\":500},\"dataBinding\":{\"prefix\":\"\\uffe5\",\"value\":\"${api1}.totalCollect.[0].price\"}}],\"type\":\"container\",\"styleBinding\":{\"layout\":\"linearLayout\",\"orientation\":\"horizontal\",\"backgroundColor\":\"#66000000\",\"paddingRight\":16,\"paddingLeft\":16,\"marginTop\":336,\"height\":48}}],\"type\":\"container\",\"styleBinding\":{\"layout\":\"absoluteLayout\",\"width\":408,\"height\":384},\"events\":[{\"type\":\"click\",\"actions\":[{\"type\":\"userTrack\",\"param\":{\"utName\":\"Item\",\"utType\":\"Button\",\"utParams\":{\"wp_m\":\"item_rank_list_-2\",\"wp_pk\":\"$wp_pk\",\"itemId\":\"${api1}.totalCollect.[0].id\",\"wp_app\":\"weapp\",\"wp_p\":\"4\"}}},{\"type\":\"openURL\",\"param\":{\"param\":{\"wp_m\":\"item_rank_list_-2\",\"wp_pk\":\"$wp_pk\",\"from\":\"inshop\",\"id\":\"${api1}.totalCollect.[0].id\",\"wp_app\":\"weapp\",\"wp_p\":\"4\"},\"url\":\"\\/\\/h5.m.taobao.com\\/awp\\/core\\/detail.htm\"}}]}]},{\"subViews\":[{\"type\":\"image\",\"styleBinding\":{\"width\":184,\"height\":184},\"dataBinding\":{\"isSharpening\":\"true\",\"url\":\"${api1}.totalCollect.[1].imgUrl\"}},{\"type\":\"image\",\"styleBinding\":{\"width\":40,\"marginLeft\":8,\"height\":45},\"dataBinding\":{\"url\":\"\\/\\/gtms03.alicdn.com\\/tps\\/i3\\/TB1eW0YGFXXXXaoXFXXqzNyIpXX-70-78.png\"}},{\"type\":\"label\",\"styleBinding\":{\"backgroundColor\":\"#66000000\",\"gravity\":4,\"fontSize\":24,\"textColor\":\"#ffffff\",\"paddingLeft\":16,\"marginTop\":136,\"height\":48},\"dataBinding\":{\"prefix\":\" \\u5df2\\u6536\\u85cf \",\"value\":\"${api1}.totalCollect.[1].collectCount\"}}],\"type\":\"container\",\"styleBinding\":{\"layout\":\"absoluteLayout\",\"width\":184,\"height\":184,\"marginLeft\":424},\"events\":[{\"type\":\"click\",\"actions\":[{\"type\":\"userTrack\",\"param\":{\"utName\":\"Item\",\"utType\":\"Button\",\"utParams\":{\"wp_m\":\"item_rank_list_-2\",\"wp_pk\":\"$wp_pk\",\"itemId\":\"${api1}.totalCollect.[1].id\",\"wp_app\":\"weapp\",\"wp_p\":\"5\"}}},{\"type\":\"openURL\",\"param\":{\"param\":{\"wp_m\":\"item_rank_list_-2\",\"wp_pk\":\"$wp_pk\",\"from\":\"inshop\",\"id\":\"${api1}.totalCollect.[1].id\",\"wp_app\":\"weapp\",\"wp_p\":\"5\"},\"url\":\"\\/\\/h5.m.taobao.com\\/awp\\/core\\/detail.htm\"}}]}]},{\"subViews\":[{\"type\":\"image\",\"styleBinding\":{\"width\":184,\"height\":184},\"dataBinding\":{\"isSharpening\":\"true\",\"url\":\"${api1}.totalCollect.[2].imgUrl\"}},{\"type\":\"image\",\"styleBinding\":{\"width\":40,\"marginLeft\":8,\"height\":45},\"dataBinding\":{\"url\":\"\\/\\/gtms04.alicdn.com\\/tps\\/i4\\/TB1qQGeGFXXXXcPXXXXqzNyIpXX-70-78.png\"}},{\"type\":\"label\",\"styleBinding\":{\"backgroundColor\":\"#66000000\",\"gravity\":4,\"fontSize\":24,\"textColor\":\"#ffffff\",\"paddingLeft\":16,\"marginTop\":136,\"height\":48},\"dataBinding\":{\"prefix\":\" \\u5df2\\u6536\\u85cf \",\"value\":\"${api1}.totalCollect.[2].collectCount\"}}],\"type\":\"container\",\"styleBinding\":{\"layout\":\"absoluteLayout\",\"width\":184,\"marginTop\":200,\"height\":184,\"marginLeft\":424},\"events\":[{\"type\":\"click\",\"actions\":[{\"type\":\"userTrack\",\"param\":{\"utName\":\"Item\",\"utType\":\"Button\",\"utParams\":{\"wp_m\":\"item_rank_list_-2\",\"wp_pk\":\"$wp_ pk\",\"itemId\":\"${api1}.totalCollect.[2].id\",\"wp_app\":\"weapp\",\"wp_p\":\"6\"}}},{\"type\":\"openURL\",\"param\":{\"param\":{\"wp_m\":\"item_rank_list_-2\",\"wp_pk\":\"$wp_pk\",\"from\":\"inshop\",\"id\":\"${api1}.totalCollect.[2].id\",\"wp_app\":\"weapp\",\"wp_p\":\"6\"},\"url\":\"\\/\\/h5.m.taobao.com\\/awp\\/core\\/detail.htm\"}}]}]}],\"type\":\"container\",\"styleBinding\":{\"layout\":\"absoluteLayout\",\"width\":608,\"paddingTop\":16,\"height\":400}},{\"subViews\":[{\"subViews\":[{\"type\":\"image\",\"styleBinding\":{\"width\":408,\"height\":384},\"dataBinding\":{\"isSharpening\":\"true\",\"url\":\"${api1}.totalSold.[0].imgUrl\"}},{\"type\":\"image\",\"styleBinding\":{\"width\":40,\"marginLeft\":8,\"height\":45},\"dataBinding\":{\"url\":\"\\/\\/gtms02.alicdn.com\\/tps\\/i2\\/TB1PKpSGFXXXXccXFXXqzNyIpXX-70-78.png\"}},{\"subViews\":[{\"type\":\"label\",\"styleBinding\":{\"gravity\":4,\"width\":180,\"fontSize\":24,\"textColor\":\"#ffffff\"},\"dataBinding\":{\"prefix\":\"\\u5df2\\u552e \",\"value\":\"${api1}.totalSold.[0].totalSold\"}},{\"type\":\"label\",\"styleBinding\":{\"gravity\":6,\"width\":180,\"fontSize\":24,\"textColor\":\"#ffffff\",\"fontWeight\":500},\"dataBinding\":{\"prefix\":\"\\uffe5\",\"value\":\"${api1}.totalSold.[0].price\"}}],\"type\":\"container\",\"styleBinding\":{\"layout\":\"linearLayout\",\"orientation\":\"horizontal\",\"backgroundColor\":\"#66000000\",\"paddingRight\":16,\"paddingLeft\":16,\"marginTop\":336,\"height\":48}}],\"type\":\"container\",\"styleBinding\":{\"layout\":\"absoluteLayout\",\"width\":408,\"height\":384},\"events\":[{\"type\":\"click\",\"actions\":[{\"type\":\"userTrack\",\"param\":{\"utName\":\"Item\",\"utType\":\"Button\",\"utParams\":{\"wp_m\":\"item_rank_list_-2\",\"wp_pk\":\"$wp_pk\",\"itemId\":\"${api1}.totalSold.[0].id\",\"wp_app\":\"weapp\",\"wp_p\":\"1\"}}},{\"type\":\"openURL\",\"param\":{\"param\":{\"wp_m\":\"item_rank_list_-2\",\"wp_pk\":\"$wp_pk\",\"from\":\"inshop\",\"id\":\"${api1}.totalSold.[0].id\",\"wp_app\":\"weapp\",\"wp_p\":\"1\"},\"url\":\"\\/\\/h5.m.taobao.com\\/awp\\/core\\/detail.htm\"}}]}]},{\"subViews\":[{\"type\":\"image\",\"styleBinding\":{\"width\":184,\"height\":184},\"dataBinding\":{\"isSharpening\":\"true\",\"url\":\"${api1}.totalSold.[1].imgUrl\"}},{\"type\":\"image\",\"styleBinding\":{\"width\":40,\"marginLeft\":8,\"height\":45},\"dataBinding\":{\"url\":\"\\/\\/gtms03.alicdn.com\\/tps\\/i3\\/TB1eW0YGFXXXXaoXFXXqzNyIpXX-70-78.png\"}},{\"type\":\"label\",\"styleBinding\":{\"backgroundColor\":\"#66000000\",\"gravity\":4,\"fontSize\":24,\"textColor\":\"#ffffff\",\"paddingLeft\":16,\"marginTop\":136,\"height\":48},\"dataBinding\":{\"prefix\":\" \\u5df2\\u552e \",\"value\":\"${api1}.totalSold.[1].totalSold\"}}],\"type\":\"container\",\"styleBinding\":{\"layout\":\"absoluteLayout\",\"width\":184,\"height\":184,\"marginLeft\":424},\"events\":[{\"type\":\"click\",\"actions\":[{\"type\":\"userTrack\",\"param\":{\"utName\":\"Item\",\"utType\":\"Button\",\"utParams\":{\"wp_m\":\"item_rank_list_-2\",\"wp_pk\":\"$wp_pk\",\"itemId\":\"${api1}.totalSold.[1].id\",\"wp_app\":\"weapp\",\"wp_p\":\"2\"}}},{\"type\":\"openURL\",\"param\":{\"param\":{\"wp_m\":\"item_rank_list_-2\",\"wp_pk\":\"$wp_pk\",\"from\":\"inshop\",\"id\":\"${api1}.totalSold.[1].id\",\"wp_app\":\"weapp\",\"wp_p\":\"2\"},\"url\":\"\\/\\/h5.m.taobao.com\\/awp\\/core\\/detail.htm\"}}]}]},{\"subViews\":[{\"type\":\"image\",\"styleBinding\":{\"width\":184,\"height\":184},\"dataBinding\":{\"isSharpening\":\"true\",\"url\":\"${api1}.totalSold.[2].imgUrl\"}},{\"type\":\"image\",\"styleBinding\":{\"width\":40,\"marginLeft\":8,\"height\":45},\"dataBinding\":{\"url\":\"\\/\\/gtms04.alicdn.com\\/tps\\/i4\\/TB1qQGeGFXXXXcPXXXXqzNyIpXX-70-78.png\"}},{\"type\":\"label\",\"styleBinding\":{\"backgroundColor\":\"#66000000\",\"gravity\":4,\"fontSize\":24,\"textColor\":\"#ffffff\",\"paddingLeft\":16,\"marginTop\":136,\"height\":48},\"dataBinding\":{\"prefix\":\" \\u5df2\\u552e \",\"value\":\"${api1}.totalSold.[2].totalSold\"}}],\"type\":\"container\",\"styleBinding\":{\"layout\":\"absoluteLayout\",\"width\":184,\"marginTop\":200,\"height\":184,\"marginLeft\":424},\"events\":[{\"type\":\"click\",\"actions\":[{\"type\":\"userTrack\",\"param\":{\"utName\":\"Item\",\"utType\":\"Button\",\"utParams\":{\"wp_m\":\"item_rank_list_-2\",\"wp_pk\":\"$wp_pk\",\"itemId\":\"${api1}.totalSold.[2].id\",\"wp_app\":\"weapp\",\"wp_p\":\"3\"}}},{\"type\":\"openURL\",\"param\":{\"param\":{\"wp_m\":\"item_rank_list_-2\",\"wp_pk\":\"$wp_pk\",\"from\":\"inshop\",\"id\":\"${api1}.totalSold.[2].id\",\"wp_app\":\"weapp\",\"wp_p\":\"3\"},\"url\":\"\\/\\/h5.m.taobao.com\\/awp\\/core\\/detail.htm\"}}]}]}],\"type\":\"container\",\"styleBinding\":{\"layout\":\"absoluteLayout\",\"width\":608,\"paddingTop\":16,\"height\":400}}],\"type\":\"simpleTabView\",\"styleBinding\":{\"marginBottom\":16,\"height\":480}}],\"type\":\"container\",\"styleBinding\":{\"layout\":\"linearLayout\",\"borderColor\":\"#dddddd\",\"backgroundColor\":\"#ffffff\",\"bmHeight\":80,\"borderWidth\":1,\"paddingRight\":16,\"paddingLeft\":16,\"height\":0},\"dataBinding\":{\"apiName\":\"mtop.taobao.geb.rankinglist.rankingListInfo\",\"apiVersion\":\"2.0\",\"param\":{\"startPrice\":\"$filterPrice.startPrice\",\"catId\":\"$catId\",\"endPrice\":\"$filterPrice.endPrice\",\"ownerId\":\"$userId\",\"pageId\":\"$pageId\",\"keyWord\":\"$keyWord\"},\"needLogin\":false,\"apiAlias\":\"api1\",\"showErrorView\":false},\"conditions\":[{\"left\":\"${api1}.totalSold._size_\",\"right\":\"3\",\"type\":\">=\",\"styleBinding\":{\"marginBottom\":24,\"relayoutPage\":true,\"height\":576}}]},{\"subViews\":[{\"subViews\":[{\"type\":\"label\",\"styleBinding\":{\"width\":-2,\"fontSize\":32,\"align\":4,\"lines\":1,\"textColor\":\"#3d4245\",\"height\":36,\"marginLeft\":8},\"dataBinding\":{\"value\":\"\\u70ed\\u9500\\u5b9d\\u8d1d\"}}],\"type\":\"container\",\"styleBinding\":{\"layout\":\"absoluteLayout\",\"width\":-1,\"height\":80}},{\"cell\":{\"subViews\":[{\"subViews\":[{\"type\":\"image\",\"styleBinding\":{\"marginBottom\":16,\"height\":296},\"dataBinding\":{\"isSharpening\":\"true\",\"url\":\"${api3}.list.[?].imgUrl\"}},{\"subViews\":[{\"type\":\"image\",\"styleBinding\":{\"width\":112,\"height\":34},\"dataBinding\":{\"isSharpening\":\"true\",\"url\":\"\\/\\/gtms01.alicdn.com\\/tps\\/i1\\/TB11xoNGXXXXXXOXVXXoSye_FXX-112-32.png\"}},{\"type\":\"label\",\"styleBinding\":{\"backgroundColor\":\"#f62415\",\"width\":-2,\"fontSize\":24,\"lines\":1,\"textColor\":\"#eeeeee\",\"fontWeight\":800},\"dataBinding\":{\"suffix\":\" \",\"value\":\"${api3}.list.[?].bonusAmount\"}}],\"type\":\"container\",\"styleBinding\":{\"layout\":\"linearLayout\",\"orientation\":\"horizontal\",\"width\":-2,\"marginTop\":254,\"height\":34,\"marginLeft\":8},\"conditions\":[{\"leftCondition\":{\"left\":\"${api3}.list.[?].isOnSale\",\"right\":\"true\",\"type\":\"!=\"},\"rightCondition\":{\"left\":\"${api3}.list.[?].bonusAmount\",\"right\":\"0\",\"type\":\"==\"},\"type\":\"||\",\"styleBinding\":{\"height\":0}},{\"leftCondition\":{\"left\":\"${api3}.list.[?].isOnSale\",\"right\":\"true\",\"type\":\"==\"},\"rightCondition\":{\"left\":\"${api3}.list.[?].bonusAmount\",\"right\":\"0\",\"type\":\">\"},\"type\":\"&&\",\"styleBinding\":{\"height\":34}}]}],\"type\":\"container\",\"styleBinding\":{\"layout\":\"absoluteLayout\",\"width\":296,\"height\":296}},{\"type\":\"label\",\"styleBinding\":{\"marginBottom\":8,\"fontSize\":28,\"lines\":2,\"textColor\":\"#666666\",\"height\":68},\"dataBinding\":{\"value\":\"${api3}.list.[?].title\"}},{\"subViews\":[{\"subViews\":[{\"type\":\"image\",\"styleBinding\":{\"width\":40,\"align\":5,\"height\":24},\"dataBinding\":{\"isSharpening\":\"true\",\"url\":\"\\/\\/gtms03.alicdn.com\\/tps\\/i3\\/TB1yg1OGVXXXXaKXVXX.2UxGpXX-40-24.png\"}}],\"type\":\"container\",\"styleBinding\":{\"layout\":\"absoluteLayout\",\"width\":0,\"align\":4,\"height\":0},\"conditions\":[{\"left\":\"${api3}.list.[?].isOnSale\",\"right\":\"true\",\"type\":\"==\",\"styleBinding\":{\"marginRight\":8,\"width\":-2,\"height\":32}},{\"left\":\"${api3}.list.[?].isOnSale\",\"right\":\"false\",\"type\":\"==\",\"styleBinding\":{\"width\":0,\"height\":0}}]},{\"subViews\":[{\"type\":\"label\",\"styleBinding\":{\"width\":-2,\"fontSize\":28,\"lines\":1,\"align\":8,\"textColor\":\"#ff5500\",\"height\":30},\"dataBinding\":{\"prefix\":\"\\uffe5\",\"suffix\":\".\",\"value\":\"${api3}.list.[?].priceYuan\"}}],\"type\":\"container\",\"styleBinding\":{\"layout\":\"absoluteLayout\",\"width\":-2,\"height\":32}},{\"subViews\":[{\"type\":\"label\",\"styleBinding\":{\"width\":-2,\"fontSize\":20,\"lines\":1,\"align\":8,\"textColor\":\"#ff5500\",\"height\":22},\"dataBinding\":{\"value\":\"${api3}.list.[?].priceFen\"}}],\"type\":\"container\",\"styleBinding\":{\"layout\":\"absoluteLayout\",\"width\":-2,\"height\":32}},{\"subViews\":[{\"type\":\"label\",\"styleBinding\":{\"lineType\":2,\"width\":-2,\"lineColor\":\"#999999\",\"fontSize\":20,\"align\":8,\"lines\":1,\"textColor\":\"#999999\",\"height\":22},\"dataBinding\":{\"prefix\":\"\\uffe5\",\"value\":\"${api3}.list.[?].reservePrice\"}}],\"type\":\"container\",\"styleBinding\":{\"layout\":\"absoluteLayout\",\"width\":-2,\"paddingLeft\":8,\"height\":32}}],\"type\":\"container\",\"styleBinding\":{\"layout\":\"linearLayout\",\"orientation\":\"horizontal\",\"width\":-2,\"marginBottom\":32,\"align\":4,\"height\":32}}],\"type\":\"container\",\"styleBinding\":{\"layout\":\"linearLayout\",\"paddingRight\":8,\"paddingLeft\":8,\"height\":452},\"events\":[{\"type\":\"click\",\"actions\":[{\"type\":\"userTrack\",\"param\":{\"utName\":\"Item\",\"utType\":\"Button\",\"utParams\":{\"wp_m\":\"hotsell_goods_-1\",\"wp_pk\":\"$wp_pk\",\"itemId\":\"${api3}.list.[?].nid\",\"wp_app\":\"weapp\"}}},{\"type\":\"openURL\",\"param\":{\"param\":{\"wp_m\":\"hotsell_goods_-1\",\"wp_pk\":\"$wp_pk\",\"from\":\"inshop\",\"wp_app\":\"weapp\"},\"url\":\"${api3}.list.[?].h5Url\"}}]}]},\"needDownRefresh\":false,\"needNextPage\":false,\"unScroll\":true,\"type\":\"grid\",\"styleBinding\":{\"backgroundColor\":\"#FFFFFF\",\"gridColumn\":2,\"height\":-2},\"dataBinding\":{\"apiName\":\"mtop.taobao.geb.enhenced.itemList.get\",\"param\":{\"pageSize\":\"6\",\"isAuto\":\"true\",\"sort\":\"hotsell\",\"pageId\":\"$pageId\",\"ownerId\":\"$userId\"},\"needLogin\":false,\"apiAlias\":\"api3\",\"showErrorView\":false}}],\"type\":\"container\",\"styleBinding\":{\"layout\":\"linearLayout\",\"borderColor\":\"#dddddd\",\"backgroundColor\":\"#FFFFFF\",\"borderWidth\":1,\"paddingRight\":8,\"marginBottom\":24,\"paddingLeft\":8,\"invisibleSpace\":\"true\",\"height\":-2}},{\"subViews\":[{\"subViews\":[{\"type\":\"label\",\"styleBinding\":{\"width\":-2,\"fontSize\":32,\"align\":4,\"lines\":1,\"textColor\":\"#3d4245\",\"invisibleSpace\":\"true\",\"height\":36,\"marginLeft\":8},\"dataBinding\":{\"value\":\"\\u731c\\u4f60\\u559c\\u6b22\"},\"conditions\":[{\"leftCondition\":{\"left\":\"${api4}.industryType\",\"right\":\"null\",\"type\":\"!=\"},\"rightCondition\":{\"left\":\"${api4}.industryType\",\"right\":\"0\",\"type\":\"==\"},\"type\":\"&&\",\"styleBinding\":{\"invisible\":\"false\",\"height\":80}}]},{\"subViews\":[{\"subViews\":[{\"subViews\":[{\"subViews\":[{\"type\":\"image\",\"styleBinding\":{\"width\":80,\"align\":5,\"height\":80},\"dataBinding\":{\"isSharpening\":\"true\",\"url\":\"${api4}.babyPic\"}}],\"type\":\"container\",\"styleBinding\":{\"layout\":\"absoluteLayout\",\"width\":128,\"height\":132}},{\"type\":\"label\",\"styleBinding\":{\"width\":-2,\"fontSize\":32,\"align\":5,\"lines\":1,\"textColor\":\"#ff8112\",\"invisibleSpace\":\"true\",\"height\":132},\"dataBinding\":{\"value\":\"${api4}.babyName\"}},{\"type\":\"label\",\"styleBinding\":{\"width\":-2,\"fontSize\":24,\"align\":5,\"lines\":1,\"textColor\":\"#999999\",\"invisibleSpace\":\"true\",\"height\":132,\"marginLeft\":24},\"dataBinding\":{\"value\":\"\\u5e74\\u9f84:\"}},{\"type\":\"label\",\"styleBinding\":{\"width\":-2,\"fontSize\":32,\"align\":5,\"lines\":1,\"textColor\":\"#ff8112\",\"invisibleSpace\":\"true\",\"height\":132},\"dataBinding\":{\"value\":\"${api4}.stage\"}}],\"type\":\"container\",\"styleBinding\":{\"layout\":\"linearLayout\",\"marginRight\":72,\"orientation\":\"horizontal\",\"backgroundColor\":\"#fff4e5\",\"width\":-1,\"height\":132}},{\"type\":\"image\",\"styleBinding\":{\"marginRight\":12,\"width\":48,\"align\":6,\"height\":48},\"dataBinding\":{\"isSharpening\":\"true\",\"url\":\"\\/\\/gtms01.alicdn.com\\/tps\\/i1\\/TB1twrYHVXXXXX4XVXXgAHBHXXX-48-48.jpg\"},\"events\":[{\"type\":\"click\",\"actions\":[{\"type\":\"userTrack\",\"param\":{\"utName\":\"Item\",\"utType\":\"Button\",\"utParams\":{\"wp_m\":\"guess_goods_-4\",\"wp_pk\":\"$wp_pk\",\"itemId\":\"${api4}.list.[?].nid\",\"wp_app\":\"weapp\",\"scm\":\"${api4}.scm\",\"wp_p\":\"${api4}.list.[?].nid\"}}},{\"type\":\"openURL\",\"param\":{\"param\":{\"redirectUrl\":\"${api4}.redirectUrl\"},\"url\":\"\\/\\/baby.tmall.com\\/go\\/market\\/baby\\/m-join.php\"}}]}]}],\"type\":\"container\",\"styleBinding\":{\"layout\":\"absoluteLayout\",\"backgroundColor\":\"#fff4e5\",\"width\":-1,\"height\":132}},{\"type\":\"label\",\"styleBinding\":{\"width\":-2,\"fontSize\":24,\"align\":4,\"lines\":1,\"textColor\":\"#666666\",\"invisibleSpace\":\"true\",\"height\":60,\"marginLeft\":24},\"dataBinding\":{\"value\":\"\\u4e3a\\u60a8\\u7cbe\\u9009\\u63a8\\u8350\\u7684\\u5546\\u54c1\"}},{\"type\":\"dashedLine\",\"styleBinding\":{\"dashColor\":\"#07000000\",\"width\":-1,\"dashWidth\":1,\"align\":5,\"dashGap\":0,\"height\":3}}],\"type\":\"container\",\"styleBinding\":{\"layout\":\"linearLayout\",\"orientation\":\"vertical\",\"width\":-1,\"invisible\":\"true\",\"marginBottom\":24,\"height\":0},\"conditions\":[{\"leftCondition\":{\"left\":\"${api4}.industryType\",\"right\":\"null\",\"type\":\"!=\"},\"rightCondition\":{\"left\":\"${api4}.industryType\",\"right\":\"2\",\"type\":\"==\"},\"type\":\"&&\",\"styleBinding\":{\"invisible\":\"false\",\"height\":194}}]},{\"subViews\":[{\"subViews\":[{\"type\":\"image\",\"styleBinding\":{\"width\":216,\"align\":4,\"height\":162},\"dataBinding\":{\"isSharpening\":\"true\",\"url\":\"\\/\\/gtms02.alicdn.com\\/tps\\/i2\\/TB1nzYcIFXXXXX_XpXXYST32pXX-217-162.jpg\"}},{\"subViews\":[{\"type\":\"label\",\"styleBinding\":{\"gravity\":5,\"fontSize\":28,\"align\":1,\"lines\":1,\"textColor\":\"#061b27\",\"marginTop\":24,\"invisibleSpace\":\"true\",\"height\":-2},\"dataBinding\":{\"value\":\"\\u5b8c\\u5584\\u8f66\\u578b\\u4fe1\\u606f\\uff0c\\u63a8\\u8350\\u5408\\u9002\\u5b9d\\u8d1d\"}},{\"type\":\"label\",\"styleBinding\":{\"backgroundColor\":\"#ff5000\",\"gravity\":5,\"width\":342,\"marginBottom\":18,\"fontSize\":24,\"align\":8,\"lines\":1,\"textColor\":\"#ffffff\",\"invisibleSpace\":\"true\",\"height\":66},\"dataBinding\":{\"value\":\"\\u9a6c\\u4e0a\\u5efa\\u7acb\\u7231\\u8f66\\u6863\\u6848\"}}],\"type\":\"container\",\"styleBinding\":{\"marginRight\":18,\"layout\":\"absoluteLayout\",\"width\":-2,\"marginBottom\":18,\"align\":6,\"height\":162,\"marginLeft\":250}}],\"type\":\"container\",\"styleBinding\":{\"layout\":\"absoluteLayout\",\"width\":-1,\"invisible\":\"true\",\"height\":1},\"events\":[{\"type\":\"click\",\"actions\":[{\"type\":\"userTrack\",\"param\":{\"utName\":\"Item\",\"utType\":\"Button\",\"utParams\":{\"wp_m\":\"guess_goods_-4\",\"wp_pk\":\"$wp_pk\",\"industry_type\":\"${api4}.industryType\",\"wp_app\":\"weapp\"}}},{\"type\":\"openURL\",\"param\":{\"param\":{\"redirectUrl\":\"${api4}.redirectUrl\"},\"url\":\"\\/\\/car.m.tmall.com\\/czda\\/chooseCarNew.htm\"}}]}],\"conditions\":[{\"leftCondition\":{\"left\":\"${api4}.hasCarInfo\",\"right\":\"null\",\"type\":\"!=\"},\"rightCondition\":{\"left\":\"${api4}.hasCarInfo\",\"right\":\"0\",\"type\":\"==\"},\"type\":\"&&\",\"styleBinding\":{\"invisible\":\"false\",\"height\":162}}]},{\"subViews\":[{\"type\":\"image\",\"styleBinding\":{\"width\":216,\"align\":4,\"height\":162,\"marginLeft\":21},\"dataBinding\":{\"isSharpening\":\"true\",\"url\":\"${api4}.carPic\"}},{\"subViews\":[{\"type\":\"label\",\"styleBinding\":{\"width\":-2,\"fontSize\":32,\"align\":1,\"lines\":1,\"textColor\":\"#ff5000\",\"invisibleSpace\":\"true\",\"height\":-2},\"dataBinding\":{\"suffix\":\" \",\"value\":\"${api4}.brandName\"}},{\"type\":\"label\",\"styleBinding\":{\"width\":-2,\"fontSize\":32,\"align\":1,\"lines\":1,\"textColor\":\"#ff5000\",\"invisibleSpace\":\"true\",\"height\":-2},\"dataBinding\":{\"value\":\"${api4}.seriesName\"}}],\"type\":\"container\",\"styleBinding\":{\"marginRight\":126,\"layout\":\"linearLayout\",\"orientation\":\"horizontal\",\"width\":-1,\"marginTop\":24,\"height\":-2,\"marginLeft\":250}},{\"subViews\":[{\"type\":\"label\",\"styleBinding\":{\"width\":-2,\"fontSize\":32,\"align\":1,\"lines\":1,\"textColor\":\"#061b27\",\"invisibleSpace\":\"true\",\"height\":-2},\"dataBinding\":{\"suffix\":\" \",\"value\":\"${api4}.caryearName\"}},{\"type\":\"label\",\"styleBinding\":{\"width\":-2,\"fontSize\":32,\"align\":1,\"lines\":1,\"textColor\":\"#061b27\",\"invisibleSpace\":\"true\",\"height\":-2},\"dataBinding\":{\"value\":\"${api4}.modelName\"}}],\"type\":\"container\",\"styleBinding\":{\"marginRight\":126,\"layout\":\"linearLayout\",\"orientation\":\"horizontal\",\"width\":-1,\"marginTop\":58,\"height\":-2,\"marginLeft\":250}},{\"type\":\"image\",\"styleBinding\":{\"marginRight\":12,\"width\":48,\"align\":6,\"height\":48},\"dataBinding\":{\"isSharpening\":\"true\",\"url\":\"\\/\\/gtms03.alicdn.com\\/tps\\/i3\\/TB1RUO8IFXXXXarXXXX1ElnIXXX-64-64.png\"},\"events\":[{\"type\":\"click\",\"actions\":[{\"type\":\"userTrack\",\"param\":{\"utName\":\"Item\",\"utType\":\"Button\",\"utParams\":{\"wp_m\":\"guess_goods_-4\",\"wp_pk\":\"$wp_pk\",\"industry_type\":\"${api4}.industryType\",\"wp_app\":\"weapp\"}}},{\"type\":\"openURL\",\"param\":{\"param\":{\"redirectUrl\":\"${api4}.redirectUrl\"},\"url\":\"\\/\\/car.m.tmall.com\\/czda\\/chooseCarNew.htm\"}}]}]}],\"type\":\"container\",\"styleBinding\":{\"layout\":\"absoluteLayout\",\"width\":-1,\"invisible\":\"true\",\"height\":1},\"conditions\":[{\"leftCondition\":{\"left\":\"${api4}.hasCarInfo\",\"right\":\"null\",\"type\":\"!=\"},\"rightCondition\":{\"left\":\"${api4}.hasCarInfo\",\"right\":\"1\",\"type\":\"==\"},\"type\":\"&&\",\"styleBinding\":{\"invisible\":\"false\",\"height\":162}}]},{\"type\":\"label\",\"styleBinding\":{\"width\":-2,\"fontSize\":24,\"align\":4,\"lines\":1,\"textColor\":\"#666666\",\"invisibleSpace\":\"true\",\"height\":60,\"marginLeft\":24},\"dataBinding\":{\"value\":\"\\u4e3a\\u60a8\\u7cbe\\u9009\\u63a8\\u8350\\u7684\\u5546\\u54c1\"}},{\"type\":\"dashedLine\",\"styleBinding\":{\"dashColor\":\"#07000000\",\"width\":-1,\"dashWidth\":1,\"align\":5,\"dashGap\":0,\"height\":3}}],\"type\":\"container\",\"styleBinding\":{\"layout\":\"linearLayout\",\"orientation\":\"vertical\",\"width\":-1,\"invisible\":\"true\",\"height\":1},\"conditions\":[{\"leftCondition\":{\"left\":\"${api4}.industryType\",\"right\":\"null\",\"type\":\"!=\"},\"rightCondition\":{\"left\":\"${api4}.industryType\",\"right\":\"1\",\"type\":\"==\"},\"type\":\"&&\",\"styleBinding\":{\"invisible\":\"false\",\"height\":-2}}]},{\"cell\":{\"subViews\":[{\"type\":\"image\",\"styleBinding\":{\"marginBottom\":16,\"height\":296},\"dataBinding\":{\"isSharpening\":\"true\",\"url\":\"${api4}.list.[?].imgUrl\"}},{\"type\":\"label\",\"styleBinding\":{\"marginBottom\":8,\"fontSize\":28,\"lines\":2,\"textColor\":\"#666666\",\"height\":67},\"dataBinding\":{\"value\":\"${api4}.list.[?].title\"}},{\"type\":\"label\",\"styleBinding\":{\"marginBottom\":32,\"fontSize\":28,\"lines\":1,\"textColor\":\"#ff5500\",\"height\":30},\"dataBinding\":{\"prefix\":\"\\uffe5\",\"value\":\"${api4}.list.[?].price\"}}],\"type\":\"container\",\"styleBinding\":{\"layout\":\"linearLayout\",\"paddingRight\":8,\"paddingLeft\":8,\"height\":455},\"events\":[{\"type\":\"click\",\"actions\":[{\"type\":\"userTrack\",\"param\":{\"utName\":\"Item\",\"utType\":\"Button\",\"utParams\":{\"wp_m\":\"guess_goods_-4\",\"wp_pk\":\"$wp_pk\",\"itemId\":\"${api4}.list.[?].nid\",\"wp_app\":\"weapp\",\"scm\":\"${api4}.scm\",\"pageParam\":\"${api4}.list.[?].pageParam\",\"wp_p\":\"${api4}.list.[?].nid\"}}},{\"type\":\"openURL\",\"param\":{\"param\":{\"wp_m\":\"guess_goods_-4\",\"wp_pk\":\"$wp_pk\",\"from\":\"inshop\",\"wp_app\":\"weapp\",\"scm\":\"${api4}.scm\",\"pageParam\":\"${api4}.list.[?].pageParam\",\"wp_p\":\"${api4}.list.[?].nid\"},\"url\":\"${api4}.list.[?].h5Url\"}}]}]},\"needDownRefresh\":false,\"needNextPage\":false,\"unScroll\":true,\"type\":\"grid\",\"styleBinding\":{\"gridColumn\":2,\"height\":-2},\"dataBinding\":{\"param\":{\"app\":\"in_store\",\"s\":\"0\",\"action\":\"recommend\",\"userid\":\"$userId\",\"n\":\"4\"},\"needLogin\":false,\"apiAlias\":\"api4\",\"showErrorView\":false}}],\"type\":\"container\",\"styleBinding\":{\"layout\":\"linearLayout\",\"borderColor\":\"#dddddd\",\"bmHeight\":80,\"borderWidth\":1,\"paddingRight\":8,\"invisible\":\"false\",\"paddingLeft\":8,\"invisibleSpace\":\"false\",\"height\":-2}}],\"type\":\"container\",\"styleBinding\":{\"layout\":\"absoluteLayout\",\"backgroundColor\":\"#FFFFFF\",\"invisible\":\"false\",\"height\":0},\"dataBinding\":{\"apiName\":\"mtop.gebsupport.recommend.getRecommendList\",\"param\":{\"app\":\"in_store\",\"s\":\"0\",\"industryType\":\"$industryType\",\"action\":\"recommend\",\"userid\":\"$userId\",\"n\":\"6\"},\"needLogin\":false,\"apiAlias\":\"api4\",\"showErrorView\":false},\"conditions\":[{\"leftCondition\":{\"left\":\"${api4}.list\",\"right\":\"null\",\"type\":\"==\"},\"rightCondition\":{\"left\":\"${api4}.list._size_\",\"right\":\"0\",\"type\":\"==\"},\"type\":\"||\",\"styleBinding\":{\"invisible\":\"false\",\"height\":1}},{\"leftCondition\":{\"left\":\"${api4}.list\",\"right\":\"null\",\"type\":\"!=\"},\"rightCondition\":{\"left\":\"${api4}.list._size_\",\"right\":\"0\",\"type\":\">\"},\"type\":\"&&\",\"styleBinding\":{\"invisible\":\"false\",\"marginBottom\":24,\"height\":-2}}]}],\"viewId\":\"shop_decorate_area\",\"type\":\"container\",\"styleBinding\":{\"layout\":\"linearLayout\",\"minHeight\":400,\"width\":-1,\"height\":-2}},{\"type\":\"label\",\"styleBinding\":{\"backgroundColor\":\"#ffffff\",\"borderColor\":\"#dddddd\",\"gravity\":5,\"borderWidth\":1,\"fontSize\":28,\"marginBottom\":24,\"fontStyle\":1,\"align\":5,\"textColor\":\"#3d3f45\",\"height\":84},\"dataBinding\":{\"value\":\"\\u67e5\\u770b\\u6240\\u6709\\u5b9d\\u8d1d\"},\"events\":[{\"type\":\"click\",\"actions\":[{\"type\":\"userTrack\",\"param\":{\"utName\":\"ViewAllItemsBottom\",\"utType\":\"Button\",\"utParams\":{\"wp_pk\":\"$wp_pk\",\"wp_m\":\"shop_all_items_-8\",\"wp_app\":\"weapp\",\"wp_p\":\"1\",\"seller_id\":\"$userId\"}}},{\"type\":\"openURL\",\"param\":{\"param\":{\"shop_id\":\"$shopId\",\"user_id\":\"$userId\"},\"title\":\"\\u67e5\\u770b\\u6240\\u6709\\u5b9d\\u8d1d\",\"url\":\"\\/\\/shop.m.taobao.com\\/goods\\/index.htm\"}}]}]}],\"type\":\"container\",\"styleBinding\":{\"layout\":\"linearLayout\",\"scrollBar\":1,\"scroll\":1,\"width\":-1,\"height\":-1},\"dataBinding\":{\"isLazyLoadOpen\":\"false\"}}],\"type\":\"container\",\"styleBinding\":{\"layout\":\"absoluteLayout\",\"backgroundColor\":\"#eeeeee\",\"width\":-1,\"height\":-1}}',0,1497581012,1497581012 UNION ALL SELECT 'https://shop114337110.m.taobao.com','mtop.taobao.geb.shopinfo.queryshopinfo','{\"shopName\":\"\\u4e00\\u4e00\\u5bb6\\u5c45\\u5e7f\\u573a\",\"shopLogo\":\"\\/\\/gw.alicdn.com\\/tps\\/i2\\/T1qWu4FMdaXXXK60jr-88-88.png\",\"rankLevelPic\":\"\\/\\/gw.alicdn.com\\/tps\\/i2\\/TB1KYIaHpXXXXc_XXXX97kJ_XXX-105-24.png\",\"rankNum\":\"4\",\"fansNum\":\"2174\",\"itemCount\":\"26\",\"newItem\":\"0\",\"promotionNum\":\"19\",\"feedCount\":\"0\",\"actCount\":\"0\",\"allProductURL\":\"\\/\\/shop.m.taobao.com\\/goods\\/index.htm?shop_id=114337110&user_id=2179831579\",\"newProductURL\":\"\\/\\/h5.m.taobao.com\\/weapp\\/view_page.htm?page=shop\\/new_item_list&userId=2179831579\",\"promotionProductURL\":\"\\/\\/h5.m.taobao.com\\/weapp\\/view_page.htm?page=shop\\/prom_item_list&userId=2179831579\",\"feedURL\":\"\\/\\/h5.m.taobao.com\\/weapp\\/view_page.htm?page=weitao\\/feed_list&userId=2179831579\",\"actUrl\":\"\\/\\/h5.m.taobao.com\\/weapp\\/view_page.htm?page=shop\\/act_list&sellerId=2179831579\",\"shopId\":\"114337110\",\"sellerId\":\"2179831579\",\"wangwangLink\":\"\",\"shopType\":\"0\",\"goldenSeller\":\"false\",\"requestAOP\":\"false\",\"shopSignImg\":\"\\/\\/img.alicdn.com\\/tps\\/i3\\/TB1K2gEHXXXXXaeXVXXrVZt0FXX-640-200.jpg\",\"signActionUrl\":\"\\/\\/h5.m.taobao.com\\/awp\\/core\\/detail.htm?id=536879247733\",\"hasSetNewShopSigin\":\"true\",\"shopSignLogoUrl\":\"\\/\\/img.alicdn.com\\/tps\\/TB1r6ZqPXXXXXXhapXXXXXXXXXX-750-254.png\",\"titleColor\":\"#99333333\",\"selectedTitleColor\":\"#333333\",\"bgColor\":\"#FFFFFF\",\"selectedBgColor\":\"#FFFFFF\",\"indicatorColor\":\"#FF5000\",\"tabMap\":[],\"businessShop\":\"false\",\"upperLeftIcon\":\"\",\"upperLeftIconSpecial\":\"\",\"itemListLayout\":\"0\",\"followed\":\"false\",\"tmall\":\"false\",\"enterpriseShop\":\"false\",\"fromTmallClient\":\"false\",\"recieveMsg\":\"false\"}','[]',0,1497581012,1497581012 UNION ALL SELECT 'https://shop114337110.m.taobao.com','com.taobao.shop.getConpon1111','{\"cacheTimeStamp\":\"0\",\"haveCoupon\":\"false\"}','[]',0,1497581012,1497581012 UNION ALL SELECT 'https://shop114337110.m.taobao.com','mtop.taobao.geb.rankinglist.rankingListInfo','{\"totalSold\":[{\"id\":\"536879247733\",\"name\":\"\\u6d17\\u8f66\\u6bdb\\u5dfe60 160\\u64e6\\u8f66\\u5dfe\\u5e03\\u5438\\u6c34\\u52a0\\u539a\\u4e0d\\u6389\\u6bdb\\u5927\\u53f7\\u6c7d\\u8f66\\u4e13\\u7528\\u62b9\\u5e03\\u7528\\u54c1\\u5305\\u90ae\",\"imgUrl\":\"\\/\\/gw.alicdn.com\\/bao\\/uploaded\\/i3\\/TB1L3B2RXXXXXamXVXXXXXXXXXX_!!0-item_pic.jpg\",\"price\":\"19.80\",\"totalSold\":\"21769\",\"collectCount\":\"24754\"},{\"id\":\"544947959476\",\"name\":\"\\u6c7d\\u8f66\\u7528\\u54c1\\u64e6\\u8f66\\u6bdb\\u5dfe\\u6d17\\u8f66\\u6bdb\\u5dfe\\u62b9\\u5e03\\u5927\\u53f760*160\\u5438\\u6c34\\u52a0\\u539a\\u4e0d\\u6389\\u6bdb\\u6e05\\u6d01\\u4e13\\u7528\",\"imgUrl\":\"\\/\\/gw.alicdn.com\\/bao\\/uploaded\\/i1\\/2179831579\\/TB2HBe6dMxlpuFjSszgXXcJdpXa_!!2179831579.jpg\",\"price\":\"15.00\",\"totalSold\":\"745\",\"collectCount\":\"428\"},{\"id\":\"549216975769\",\"name\":\"\\u6d17\\u8f66\\u6bdb\\u5dfe60 160\\u64e6\\u8f66\\u5dfe\\u5e03\\u5438\\u6c34\\u52a0\\u539a\\u4e0d\\u6389\\u6bdb\\u5927\\u53f7\\u6c7d\\u8f66\\u4e13\\u7528\\u62b9\\u5e03\\u7528\\u54c1\\u5305\\u90ae\",\"imgUrl\":\"\\/\\/gw.alicdn.com\\/bao\\/uploaded\\/i3\\/TB1COUcQFXXXXX2aXXXXXXXXXXX_!!0-item_pic.jpg\",\"price\":\"19.80\",\"totalSold\":\"384\",\"collectCount\":\"96\"}],\"totalCollect\":[{\"id\":\"536879247733\",\"name\":\"\\u6d17\\u8f66\\u6bdb\\u5dfe60 160\\u64e6\\u8f66\\u5dfe\\u5e03\\u5438\\u6c34\\u52a0\\u539a\\u4e0d\\u6389\\u6bdb\\u5927\\u53f7\\u6c7d\\u8f66\\u4e13\\u7528\\u62b9\\u5e03\\u7528\\u54c1\\u5305\\u90ae\",\"imgUrl\":\"\\/\\/gw.alicdn.com\\/bao\\/uploaded\\/i3\\/TB1L3B2RXXXXXamXVXXXXXXXXXX_!!0-item_pic.jpg\",\"price\":\"19.80\",\"totalSold\":\"21769\",\"collectCount\":\"24754\"},{\"id\":\"521276323745\",\"name\":\"\\u6d17\\u8f66\\u6bdb\\u5dfe60 160\\u64e6\\u8f66\\u5dfe \\u6c7d\\u8f66\\u7528\\u54c1\\u8d85\\u5927\\u53f7\\u5927\\u7801\\u5438\\u6c34\\u52a0\\u539a\\u6279\\u53d1 \\u6d17\\u8f66\\u62b9\\u5e03\",\"imgUrl\":\"\\/\\/gw.alicdn.com\\/bao\\/uploaded\\/i1\\/TB1ZyjgKVXXXXXWXVXXXXXXXXXX_!!0-item_pic.jpg\",\"price\":\"19.90\",\"totalSold\":\"108\",\"collectCount\":\"4686\"},{\"id\":\"544947959476\",\"name\":\"\\u6c7d\\u8f66\\u7528\\u54c1\\u64e6\\u8f66\\u6bdb\\u5dfe\\u6d17\\u8f66\\u6bdb\\u5dfe\\u62b9\\u5e03\\u5927\\u53f760*160\\u5438\\u6c34\\u52a0\\u539a\\u4e0d\\u6389\\u6bdb\\u6e05\\u6d01\\u4e13\\u7528\",\"imgUrl\":\"\\/\\/gw.alicdn.com\\/bao\\/uploaded\\/i1\\/2179831579\\/TB2HBe6dMxlpuFjSszgXXcJdpXa_!!2179831579.jpg\",\"price\":\"15.00\",\"totalSold\":\"745\",\"collectCount\":\"428\"}],\"favoredByDiamonds\":[{\"id\":\"549216975769\",\"name\":\"\\u6d17\\u8f66\\u6bdb\\u5dfe60 160\\u64e6\\u8f66\\u5dfe\\u5e03\\u5438\\u6c34\\u52a0\\u539a\\u4e0d\\u6389\\u6bdb\\u5927\\u53f7\\u6c7d\\u8f66\\u4e13\\u7528\\u62b9\\u5e03\\u7528\\u54c1\\u5305\\u90ae\",\"imgUrl\":\"\\/\\/gw.alicdn.com\\/bao\\/uploaded\\/i3\\/TB1COUcQFXXXXX2aXXXXXXXXXXX_!!0-item_pic.jpg\",\"price\":\"19.80\",\"totalSold\":\"384\",\"collectCount\":\"96\"},{\"id\":\"546008043656\",\"name\":\"\\u6d74\\u5dfe\\u53ef\\u7a7f\\u5973\\u6027\\u611f\\u53ef\\u7231\\u7eaf\\u68c9\\u6210\\u4eba\\u88f9\\u80f8\\u62b9\\u80f8\\u540a\\u5e26\\u6d74\\u88d9\\u6c57\\u84b8\\u6e38\\u6cf3\\u6c99\\u6ee9\\u5dfe\\u5438\\u6c34\",\"imgUrl\":\"\\/\\/gw.alicdn.com\\/bao\\/uploaded\\/i2\\/2179831579\\/TB22VcNfYtlpuFjSspoXXbcDpXa_!!2179831579.jpg\",\"price\":\"16.80\",\"totalSold\":\"7\",\"collectCount\":\"14\"},{\"id\":\"544947959476\",\"name\":\"\\u6c7d\\u8f66\\u7528\\u54c1\\u64e6\\u8f66\\u6bdb\\u5dfe\\u6d17\\u8f66\\u6bdb\\u5dfe\\u62b9\\u5e03\\u5927\\u53f760*160\\u5438\\u6c34\\u52a0\\u539a\\u4e0d\\u6389\\u6bdb\\u6e05\\u6d01\\u4e13\\u7528\",\"imgUrl\":\"\\/\\/gw.alicdn.com\\/bao\\/uploaded\\/i1\\/2179831579\\/TB2HBe6dMxlpuFjSszgXXcJdpXa_!!2179831579.jpg\",\"price\":\"15.00\",\"totalSold\":\"745\",\"collectCount\":\"428\"}]}','[]',0,1497581012,1497581012 UNION ALL SELECT 'https://shop114337110.m.taobao.com','mtop.taobao.geb.enhenced.itemList.get','{\"list\":[{\"nid\":\"536879247733\",\"title\":\"\\u6d17\\u8f66\\u6bdb\\u5dfe60 160\\u64e6\\u8f66\\u5dfe\\u5e03\\u5438\\u6c34\\u52a0\\u539a\\u4e0d\\u6389\\u6bdb\\u5927\\u53f7\\u6c7d\\u8f66\\u4e13\\u7528\\u62b9\\u5e03\\u7528\\u54c1\\u5305\\u90ae\",\"imgUrl\":\"\\/\\/gw.alicdn.com\\/bao\\/uploaded\\/i3\\/TB1L3B2RXXXXXamXVXXXXXXXXXX_!!0-item_pic.jpg\",\"price\":\"19.80\",\"reservePrice\":\"39.80\",\"h5Url\":\"\\/\\/h5.m.taobao.com\\/awp\\/core\\/detail.htm?id=536879247733\",\"sold30daysQuantity\":\"21769\",\"quantity\":\"351814\",\"priceYuan\":\"19\",\"priceFen\":\"80\",\"isOnSale\":\"false\",\"pvid\":\"c65054ab-531b-423d-a32a-4b25c36514ca\"},{\"nid\":\"544947959476\",\"title\":\"\\u6c7d\\u8f66\\u7528\\u54c1\\u64e6\\u8f66\\u6bdb\\u5dfe\\u6d17\\u8f66\\u6bdb\\u5dfe\\u62b9\\u5e03\\u5927\\u53f760*160\\u5438\\u6c34\\u52a0\\u539a\\u4e0d\\u6389\\u6bdb\\u6e05\\u6d01\\u4e13\\u7528\",\"imgUrl\":\"\\/\\/gw.alicdn.com\\/bao\\/uploaded\\/i1\\/2179831579\\/TB2HBe6dMxlpuFjSszgXXcJdpXa_!!2179831579.jpg\",\"price\":\"15.00\",\"reservePrice\":\"30.00\",\"h5Url\":\"\\/\\/h5.m.taobao.com\\/awp\\/core\\/detail.htm?id=544947959476\",\"sold30daysQuantity\":\"745\",\"quantity\":\"85959\",\"priceYuan\":\"15\",\"priceFen\":\"00\",\"isOnSale\":\"false\",\"pvid\":\"c65054ab-531b-423d-a32a-4b25c36514ca\"},{\"nid\":\"549216975769\",\"title\":\"\\u6d17\\u8f66\\u6bdb\\u5dfe60 160\\u64e6\\u8f66\\u5dfe\\u5e03\\u5438\\u6c34\\u52a0\\u539a\\u4e0d\\u6389\\u6bdb\\u5927\\u53f7\\u6c7d\\u8f66\\u4e13\\u7528\\u62b9\\u5e03\\u7528\\u54c1\\u5305\\u90ae\",\"imgUrl\":\"\\/\\/gw.alicdn.com\\/bao\\/uploaded\\/i3\\/TB1COUcQFXXXXX2aXXXXXXXXXXX_!!0-item_pic.jpg\",\"price\":\"19.80\",\"reservePrice\":\"29.80\",\"h5Url\":\"\\/\\/h5.m.taobao.com\\/awp\\/core\\/detail.htm?id=549216975769\",\"sold30daysQuantity\":\"384\",\"quantity\":\"288092\",\"priceYuan\":\"19\",\"priceFen\":\"80\",\"isOnSale\":\"false\",\"pvid\":\"c65054ab-531b-423d-a32a-4b25c36514ca\"},{\"nid\":\"521513969541\",\"title\":\"\\u6d17\\u8f66\\u6bdb\\u5dfe\\u6c7d\\u8f66\\u8d85\\u7ec6\\u7ea4\\u7ef4\\u4e0d\\u6389\\u6bdb\\u5927\\u53f7\\u52a0\\u539a\\u5438\\u6c34\\u64e6\\u8f66\\u5dfe\\u6d17\\u8f66\\u5e03\\u7528\\u54c160 160\",\"imgUrl\":\"\\/\\/gw.alicdn.com\\/bao\\/uploaded\\/i2\\/TB1jYnJJFXXXXXRXFXXXXXXXXXX_!!0-item_pic.jpg\",\"price\":\"4.10\",\"h5Url\":\"\\/\\/h5.m.taobao.com\\/awp\\/core\\/detail.htm?id=521513969541\",\"sold30daysQuantity\":\"348\",\"quantity\":\"86835\",\"priceYuan\":\"4\",\"priceFen\":\"10\",\"isOnSale\":\"false\",\"pvid\":\"c65054ab-531b-423d-a32a-4b25c36514ca\"},{\"nid\":\"521310808887\",\"title\":\"\\u97e9\\u56fd\\u73ca\\u745a\\u7ed2\\u53cc\\u5c42\\u52a0\\u539a\\u62b9\\u5e03\\u64e6\\u6728\\u5730\\u677f\\u7eb3\\u7c73\\u5438\\u6c34\\u7070\\u6bdb\\u5dfe\\u4e0d\\u6389\\u6bdb\\u6e05\\u6d01\\u64e6\\u5bb6\\u5177\",\"imgUrl\":\"\\/\\/gw.alicdn.com\\/bao\\/uploaded\\/i4\\/TB1fnXCJXXXXXbraXXXXXXXXXXX_!!0-item_pic.jpg\",\"price\":\"2.90\",\"reservePrice\":\"4.90\",\"h5Url\":\"\\/\\/h5.m.taobao.com\\/awp\\/core\\/detail.htm?id=521310808887\",\"sold30daysQuantity\":\"312\",\"quantity\":\"28792\",\"priceYuan\":\"2\",\"priceFen\":\"90\",\"isOnSale\":\"false\",\"pvid\":\"c65054ab-531b-423d-a32a-4b25c36514ca\"},{\"nid\":\"520754112040\",\"title\":\"\\u7406\\u53d1\\u5e97\\u4e13\\u7528\\u6bdb\\u5dfe \\u7f8e\\u5bb9\\u9662\\u6bdb\\u5dfe\\u6279 \\u52a0\\u539a\\u5438\\u6c34\\u6bdb\\u5dfe\\u8d85\\u7ec6\\u7ea4\\u7ef4\\u5e72\\u53d1\\u5dfe\\u5305\\u90ae\",\"imgUrl\":\"\\/\\/gw.alicdn.com\\/bao\\/uploaded\\/i2\\/TB1ynPPIFXXXXbrXVXXXXXXXXXX_!!0-item_pic.jpg\",\"price\":\"2.50\",\"h5Url\":\"\\/\\/h5.m.taobao.com\\/awp\\/core\\/detail.htm?id=520754112040\",\"sold30daysQuantity\":\"284\",\"quantity\":\"484275\",\"priceYuan\":\"2\",\"priceFen\":\"50\",\"isOnSale\":\"false\",\"pvid\":\"c65054ab-531b-423d-a32a-4b25c36514ca\"}]}','[]',0,1497581012,1497581012 UNION ALL SELECT 'https://shop114337110.m.taobao.com','mtop.gebsupport.recommend.getRecommendList','[]','[]',0,1497581012,1497581012 [ RunTime:0.118889s ]
---------------------------------------------------------------
[ 2017-06-16T10:44:20+08:00 ] 127.0.0.9 127.0.0.1 GET /weibao/index/getShopData?url=https://shop102016415.m.taobao.com
[ info ] 127.0.0.9/weibao/index/getShopData?url=https://shop102016415.m.taobao.com [运行时间：11.053511s][吞吐率：0.09req/s] [内存消耗：6,932.92kb] [文件加载：200]
[ info ] [ LANG ] E:\wtiao\thinkphp\lang\zh-cn.php
[ info ] [ ROUTE ] array (
  'type' => 'module',
  'module' => 
  array (
    0 => 'weibao',
    1 => 'index',
    2 => 'getShopData',
  ),
)
[ info ] [ HEADER ] array (
  'host' => '127.0.0.9',
  'connection' => 'keep-alive',
  'upgrade-insecure-requests' => '1',
  'user-agent' => 'Mozilla/5.0 (Windows NT 10.0; Win64; x64) AppleWebKit/537.36 (KHTML, like Gecko) Chrome/58.0.3029.110 Safari/537.36',
  'accept' => 'text/html,application/xhtml+xml,application/xml;q=0.9,image/webp,*/*;q=0.8',
  'accept-encoding' => 'gzip, deflate, sdch, br',
  'accept-language' => 'zh-CN,zh;q=0.8',
  'cookie' => 'isg=AklJpKNQdLj54wizlj8j3UZKWHVjPj2mauD72eu-xTBvMmlEM-ZNmDdiBqx7; XDEBUG_SESSION=18775',
)
[ info ] [ PARAM ] array (
  'url' => 'https://shop102016415.m.taobao.com',
)
[ info ] [ RUN ] app\weibao\controller\Index->getShopData[ E:\wtiao\application\weibao\controller\Index.php ]
[ info ] [ SESSION ] INIT array (
  'id' => '',
  'var_session_id' => '',
  'prefix' => 'wt',
  'expire' => 7200,
  'type' => '',
  'auto_start' => true,
  'use_cookies' => 0,
  'validorigin' => 'validorigin',
)
[ info ] [ DB ] INIT mysql
[ info ] [ CACHE ] INIT File
[ info ] [ LOG ] INIT File
[ sql ] [ DB ] CONNECT:[ UseTime:0.028908s ] mysql:dbname=weitiao;host=120.77.249.31;charset=utf8
[ sql ] [ SQL ] SHOW COLUMNS FROM `wj_services` [ RunTime:0.019104s ]
[ sql ] [ SQL ] SELECT * FROM `wj_services` WHERE  `shop_url` = 'https://shop102016415.m.taobao.com'  AND `manager_id` = 1  AND `is_deleted` = 0 LIMIT 1 [ RunTime:0.020797s ]
[ sql ] [ SQL ] INSERT INTO `wj_services` (`manager_id` , `shop_url` , `transformed_url` , `service_start_time` , `service_end_time` , `is_deleted` , `create_time` , `update_time`) VALUES (1 , 'https://shop102016415.m.taobao.com' , 'UxfDv1' , 1497581049 , 1497840249 , 0 , 1497581049 , 1497581049) [ RunTime:0.049402s ]
[ sql ] [ SQL ] SELECT * FROM `wj_services` WHERE  `shop_url` = 'https://shop102016415.m.taobao.com'  AND `manager_id` = 1  AND `is_deleted` = 0 LIMIT 1 [ RunTime:0.020017s ]
[ sql ] [ SQL ] SHOW COLUMNS FROM `wj_expense_records` [ RunTime:0.019008s ]
[ sql ] [ SQL ] INSERT INTO `wj_expense_records` (`expense_num` , `payment_method` , `trade_num` , `service_id` , `manager_id` , `payment_amount` , `service_start_time` , `service_end_time` , `trade_status` , `create_time` , `update_time`) VALUES ('72170616104409168965' , 0 , '' , 13 , 1 , 0 , 1497581049 , 1497840249 , 1 , 1497581049 , 1497581049) [ RunTime:0.024836s ]
[ sql ] [ SQL ] SHOW COLUMNS FROM `wj_shop_api` [ RunTime:0.021073s ]
[ sql ] [ SQL ] SELECT * FROM `wj_shop_api` WHERE  `shop_url` = 'https://shop102016415.m.taobao.com'  AND `is_deleted` = 0 [ RunTime:0.018784s ]
---------------------------------------------------------------
[ 2017-06-16T10:44:38+08:00 ] 127.0.0.9 127.0.0.1 GET /weibao/index/getShopData?url=https://shop102016415.m.taobao.com
[ info ] 127.0.0.9/weibao/index/getShopData?url=https://shop102016415.m.taobao.com [运行时间：10.972485s][吞吐率：0.09req/s] [内存消耗：6,756.84kb] [文件加载：192]
[ info ] [ LANG ] E:\wtiao\thinkphp\lang\zh-cn.php
[ info ] [ ROUTE ] array (
  'type' => 'module',
  'module' => 
  array (
    0 => 'weibao',
    1 => 'index',
    2 => 'getShopData',
  ),
)
[ info ] [ HEADER ] array (
  'host' => '127.0.0.9',
  'connection' => 'keep-alive',
  'cache-control' => 'max-age=0',
  'upgrade-insecure-requests' => '1',
  'user-agent' => 'Mozilla/5.0 (Windows NT 10.0; Win64; x64) AppleWebKit/537.36 (KHTML, like Gecko) Chrome/58.0.3029.110 Safari/537.36',
  'accept' => 'text/html,application/xhtml+xml,application/xml;q=0.9,image/webp,*/*;q=0.8',
  'accept-encoding' => 'gzip, deflate, sdch, br',
  'accept-language' => 'zh-CN,zh;q=0.8',
  'cookie' => 'isg=AklJpKNQdLj54wizlj8j3UZKWHVjPj2mauD72eu-xTBvMmlEM-ZNmDdiBqx7; XDEBUG_SESSION=18775',
)
[ info ] [ PARAM ] array (
  'url' => 'https://shop102016415.m.taobao.com',
)
[ info ] [ RUN ] app\weibao\controller\Index->getShopData[ E:\wtiao\application\weibao\controller\Index.php ]
[ info ] [ SESSION ] INIT array (
  'id' => '',
  'var_session_id' => '',
  'prefix' => 'wt',
  'expire' => 7200,
  'type' => '',
  'auto_start' => true,
  'use_cookies' => 0,
  'validorigin' => 'validorigin',
)
[ info ] [ DB ] INIT mysql
[ info ] [ LOG ] INIT File
[ sql ] [ DB ] CONNECT:[ UseTime:0.021411s ] mysql:dbname=weitiao;host=120.77.249.31;charset=utf8
[ sql ] [ SQL ] SHOW COLUMNS FROM `wj_services` [ RunTime:0.011921s ]
[ sql ] [ SQL ] SELECT * FROM `wj_services` WHERE  `shop_url` = 'https://shop102016415.m.taobao.com'  AND `manager_id` = 1  AND `is_deleted` = 0 LIMIT 1 [ RunTime:0.012531s ]
[ sql ] [ SQL ] SHOW COLUMNS FROM `wj_shop_api` [ RunTime:0.012116s ]
[ sql ] [ SQL ] SELECT * FROM `wj_shop_api` WHERE  `shop_url` = 'https://shop102016415.m.taobao.com'  AND `is_deleted` = 0 [ RunTime:0.011969s ]
---------------------------------------------------------------
[ 2017-06-16T10:47:22+08:00 ] 127.0.0.9 127.0.0.1 GET /weibao/index/getShopData?url=https://shop114337110.taobao.com&XDEBUG_SESSION_START=17333
[ info ] 127.0.0.9/weibao/index/getShopData?url=https://shop114337110.taobao.com&XDEBUG_SESSION_START=17333 [运行时间：135.311369s][吞吐率：0.01req/s] [内存消耗：7,028.21kb] [文件加载：200]
[ info ] [ LANG ] E:\wtiao\thinkphp\lang\zh-cn.php
[ info ] [ ROUTE ] array (
  'type' => 'module',
  'module' => 
  array (
    0 => 'weibao',
    1 => 'index',
    2 => 'getShopData',
  ),
)
[ info ] [ HEADER ] array (
  'host' => '127.0.0.9',
  'connection' => 'keep-alive',
  'upgrade-insecure-requests' => '1',
  'user-agent' => 'Mozilla/5.0 (Windows NT 10.0; Win64; x64) AppleWebKit/537.36 (KHTML, like Gecko) Chrome/58.0.3029.110 Safari/537.36',
  'accept' => 'text/html,application/xhtml+xml,application/xml;q=0.9,image/webp,*/*;q=0.8',
  'accept-encoding' => 'gzip, deflate, sdch, br',
  'accept-language' => 'zh-CN,zh;q=0.8',
  'cookie' => 'isg=AklJpKNQdLj54wizlj8j3UZKWHVjPj2mauD72eu-xTBvMmlEM-ZNmDdiBqx7; XDEBUG_SESSION=18775',
)
[ info ] [ PARAM ] array (
  'url' => 'https://shop114337110.taobao.com',
  'XDEBUG_SESSION_START' => '17333',
)
[ info ] [ RUN ] app\weibao\controller\Index->getShopData[ E:\wtiao\application\weibao\controller\Index.php ]
[ info ] [ SESSION ] INIT array (
  'id' => '',
  'var_session_id' => '',
  'prefix' => 'wt',
  'expire' => 7200,
  'type' => '',
  'auto_start' => true,
  'use_cookies' => 0,
  'validorigin' => 'validorigin',
)
[ info ] [ DB ] INIT mysql
[ info ] [ CACHE ] INIT File
[ info ] [ LOG ] INIT File
[ sql ] [ DB ] CONNECT:[ UseTime:0.030437s ] mysql:dbname=weitiao;host=120.77.249.31;charset=utf8
[ sql ] [ SQL ] SHOW COLUMNS FROM `wj_services` [ RunTime:0.020375s ]
[ sql ] [ SQL ] SELECT * FROM `wj_services` WHERE  `shop_url` = 'https://shop114337110.taobao.com'  AND `manager_id` = 1  AND `is_deleted` = 0 LIMIT 1 [ RunTime:0.021708s ]
[ sql ] [ SQL ] INSERT INTO `wj_services` (`manager_id` , `shop_url` , `transformed_url` , `service_start_time` , `service_end_time` , `is_deleted` , `create_time` , `update_time`) VALUES (1 , 'https://shop114337110.taobao.com' , '11pAZ4' , 1497581117 , 1497840317 , 0 , 1497581126 , 1497581126) [ RunTime:0.038700s ]
[ sql ] [ SQL ] SELECT * FROM `wj_services` WHERE  `shop_url` = 'https://shop114337110.taobao.com'  AND `manager_id` = 1  AND `is_deleted` = 0 LIMIT 1 [ RunTime:0.021006s ]
[ sql ] [ SQL ] SHOW COLUMNS FROM `wj_expense_records` [ RunTime:0.014893s ]
[ sql ] [ SQL ] INSERT INTO `wj_expense_records` (`expense_num` , `payment_method` , `trade_num` , `service_id` , `manager_id` , `payment_amount` , `service_start_time` , `service_end_time` , `trade_status` , `create_time` , `update_time`) VALUES ('72170616104548445285' , 0 , '' , 14 , 1 , 0 , 1497581117 , 1497840317 , 1 , 1497581191 , 1497581191) [ RunTime:0.014833s ]
[ sql ] [ SQL ] SHOW COLUMNS FROM `wj_shop_api` [ RunTime:0.019545s ]
[ sql ] [ SQL ] SELECT * FROM `wj_shop_api` WHERE  `shop_url` = 'https://shop114337110.taobao.com'  AND `is_deleted` = 0 [ RunTime:0.014980s ]
---------------------------------------------------------------
[ 2017-06-16T10:48:43+08:00 ] 127.0.0.9 127.0.0.1 GET /weibao/index/getShopData?url=https://shop114337110.m.taobao.com
[ info ] 127.0.0.9/weibao/index/getShopData?url=https://shop114337110.m.taobao.com [运行时间：0.429596s][吞吐率：2.33req/s] [内存消耗：3,436.17kb] [文件加载：55]
[ info ] [ LANG ] E:\wtiao\thinkphp\lang\zh-cn.php
[ info ] [ ROUTE ] array (
  'type' => 'module',
  'module' => 
  array (
    0 => 'weibao',
    1 => 'index',
    2 => 'getShopData',
  ),
)
[ info ] [ HEADER ] array (
  'host' => '127.0.0.9',
  'connection' => 'keep-alive',
  'upgrade-insecure-requests' => '1',
  'user-agent' => 'Mozilla/5.0 (Windows NT 10.0; Win64; x64) AppleWebKit/537.36 (KHTML, like Gecko) Chrome/58.0.3029.110 Safari/537.36',
  'accept' => 'text/html,application/xhtml+xml,application/xml;q=0.9,image/webp,*/*;q=0.8',
  'accept-encoding' => 'gzip, deflate, sdch, br',
  'accept-language' => 'zh-CN,zh;q=0.8',
  'cookie' => 'isg=AklJpKNQdLj54wizlj8j3UZKWHVjPj2mauD72eu-xTBvMmlEM-ZNmDdiBqx7; XDEBUG_SESSION=17333',
)
[ info ] [ PARAM ] array (
  'url' => 'https://shop114337110.m.taobao.com',
)
[ info ] [ RUN ] app\weibao\controller\Index->getShopData[ E:\wtiao\application\weibao\controller\Index.php ]
[ info ] [ SESSION ] INIT array (
  'id' => '',
  'var_session_id' => '',
  'prefix' => 'wt',
  'expire' => 7200,
  'type' => '',
  'auto_start' => true,
  'use_cookies' => 0,
  'validorigin' => 'validorigin',
)
[ info ] [ DB ] INIT mysql
[ info ] [ VIEW ] E:\wtiao\public/../application/weibao\view\index\tm_shop.html [ array (
  0 => 'data',
) ]
[ info ] [ LOG ] INIT File
[ sql ] [ DB ] CONNECT:[ UseTime:0.024695s ] mysql:dbname=weitiao;host=120.77.249.31;charset=utf8
[ sql ] [ SQL ] SHOW COLUMNS FROM `wj_services` [ RunTime:0.021944s ]
[ sql ] [ SQL ] SELECT * FROM `wj_services` WHERE  `shop_url` = 'https://shop114337110.m.taobao.com'  AND `manager_id` = 1  AND `is_deleted` = 0 LIMIT 1 [ RunTime:0.014987s ]
[ sql ] [ SQL ] SHOW COLUMNS FROM `wj_shop_api` [ RunTime:0.015612s ]
[ sql ] [ SQL ] SELECT * FROM `wj_shop_api` WHERE  `shop_url` = 'https://shop114337110.m.taobao.com'  AND `is_deleted` = 0 [ RunTime:0.046940s ]
